{"/Users/gavinsmacbook/Developer/HTML Content Builder/src/components/ui/Badge.jsx": {"path":"/Users/gavinsmacbook/Developer/HTML Content Builder/src/components/ui/Badge.jsx","statementMap":{"0":{"start":{"line":12,"column":14},"end":{"line":50,"column":null}},"1":{"start":{"line":13,"column":21},"end":{"line":13,"column":null}},"2":{"start":{"line":19,"column":19},"end":{"line":27,"column":null}},"3":{"start":{"line":29,"column":16},"end":{"line":33,"column":null}},"4":{"start":{"line":35,"column":2},"end":{"line":48,"column":null}},"5":{"start":{"line":52,"column":0},"end":{"line":61,"column":null}}},"fnMap":{"0":{"name":"(anonymous_0)","decl":{"start":{"line":12,"column":14},"end":{"line":12,"column":15}},"loc":{"start":{"line":12,"column":92},"end":{"line":50,"column":null}},"line":12}},"branchMap":{"0":{"loc":{"start":{"line":12,"column":17},"end":{"line":12,"column":38}},"type":"default-arg","locations":[{"start":{"line":12,"column":27},"end":{"line":12,"column":38}}],"line":12},"1":{"loc":{"start":{"line":12,"column":38},"end":{"line":12,"column":51}},"type":"default-arg","locations":[{"start":{"line":12,"column":45},"end":{"line":12,"column":51}}],"line":12},"2":{"loc":{"start":{"line":12,"column":61},"end":{"line":12,"column":77}},"type":"default-arg","locations":[{"start":{"line":12,"column":73},"end":{"line":12,"column":77}}],"line":12}},"s":{"0":1,"1":15,"2":15,"3":15,"4":15,"5":1},"f":{"0":15},"b":{"0":[15],"1":[15],"2":[15]},"meta":{"lastBranch":3,"lastFunction":1,"lastStatement":6,"seen":{"s:12:14:50:Infinity":0,"f:12:14:12:15":0,"b:12:27:12:38":0,"b:12:45:12:51":1,"b:12:73:12:77":2,"s:13:21:13:Infinity":1,"s:19:19:27:Infinity":2,"s:29:16:33:Infinity":3,"s:35:2:48:Infinity":4,"s:52:0:61:Infinity":5}}}
,"/Users/gavinsmacbook/Developer/HTML Content Builder/src/components/ui/Button.jsx": {"path":"/Users/gavinsmacbook/Developer/HTML Content Builder/src/components/ui/Button.jsx","statementMap":{"0":{"start":{"line":12,"column":15},"end":{"line":86,"column":null}},"1":{"start":{"line":21,"column":21},"end":{"line":21,"column":null}},"2":{"start":{"line":29,"column":19},"end":{"line":54,"column":null}},"3":{"start":{"line":56,"column":16},"end":{"line":61,"column":null}},"4":{"start":{"line":63,"column":25},"end":{"line":63,"column":null}},"5":{"start":{"line":65,"column":23},"end":{"line":65,"column":null}},"6":{"start":{"line":67,"column":2},"end":{"line":84,"column":null}},"7":{"start":{"line":88,"column":0},"end":{"line":103,"column":null}}},"fnMap":{"0":{"name":"(anonymous_0)","decl":{"start":{"line":12,"column":15},"end":{"line":12,"column":16}},"loc":{"start":{"line":20,"column":6},"end":{"line":86,"column":null}},"line":20}},"branchMap":{"0":{"loc":{"start":{"line":13,"column":2},"end":{"line":13,"column":null}},"type":"default-arg","locations":[{"start":{"line":13,"column":12},"end":{"line":13,"column":null}}],"line":13},"1":{"loc":{"start":{"line":14,"column":2},"end":{"line":14,"column":null}},"type":"default-arg","locations":[{"start":{"line":14,"column":9},"end":{"line":14,"column":null}}],"line":14},"2":{"loc":{"start":{"line":15,"column":2},"end":{"line":15,"column":null}},"type":"default-arg","locations":[{"start":{"line":15,"column":13},"end":{"line":15,"column":null}}],"line":15},"3":{"loc":{"start":{"line":16,"column":2},"end":{"line":16,"column":null}},"type":"default-arg","locations":[{"start":{"line":16,"column":11},"end":{"line":16,"column":null}}],"line":16},"4":{"loc":{"start":{"line":18,"column":2},"end":{"line":18,"column":null}},"type":"default-arg","locations":[{"start":{"line":18,"column":14},"end":{"line":18,"column":null}}],"line":18},"5":{"loc":{"start":{"line":63,"column":25},"end":{"line":63,"column":null}},"type":"cond-expr","locations":[{"start":{"line":63,"column":36},"end":{"line":63,"column":90}},{"start":{"line":63,"column":90},"end":{"line":63,"column":null}}],"line":63},"6":{"loc":{"start":{"line":65,"column":23},"end":{"line":65,"column":null}},"type":"cond-expr","locations":[{"start":{"line":65,"column":32},"end":{"line":65,"column":106}},{"start":{"line":65,"column":106},"end":{"line":65,"column":null}}],"line":65}},"s":{"0":1,"1":14,"2":14,"3":14,"4":14,"5":14,"6":14,"7":1},"f":{"0":14},"b":{"0":[14],"1":[14],"2":[14],"3":[14],"4":[14],"5":[2,12],"6":[1,13]},"meta":{"lastBranch":7,"lastFunction":1,"lastStatement":8,"seen":{"s:12:15:86:Infinity":0,"f:12:15:12:16":0,"b:13:12:13:Infinity":0,"b:14:9:14:Infinity":1,"b:15:13:15:Infinity":2,"b:16:11:16:Infinity":3,"b:18:14:18:Infinity":4,"s:21:21:21:Infinity":1,"s:29:19:54:Infinity":2,"s:56:16:61:Infinity":3,"s:63:25:63:Infinity":4,"b:63:36:63:90:63:90:63:Infinity":5,"s:65:23:65:Infinity":5,"b:65:32:65:106:65:106:65:Infinity":6,"s:67:2:84:Infinity":6,"s:88:0:103:Infinity":7}}}
,"/Users/gavinsmacbook/Developer/HTML Content Builder/src/components/ui/Chip.jsx": {"path":"/Users/gavinsmacbook/Developer/HTML Content Builder/src/components/ui/Chip.jsx","statementMap":{"0":{"start":{"line":13,"column":13},"end":{"line":53,"column":null}},"1":{"start":{"line":14,"column":21},"end":{"line":14,"column":null}},"2":{"start":{"line":23,"column":22},"end":{"line":25,"column":null}},"3":{"start":{"line":27,"column":16},"end":{"line":31,"column":null}},"4":{"start":{"line":33,"column":25},"end":{"line":33,"column":null}},"5":{"start":{"line":35,"column":2},"end":{"line":51,"column":null}},"6":{"start":{"line":59,"column":24},"end":{"line":62,"column":null}},"7":{"start":{"line":60,"column":2},"end":{"line":62,"column":null}},"8":{"start":{"line":65,"column":0},"end":{"line":78,"column":null}},"9":{"start":{"line":80,"column":0},"end":{"line":89,"column":null}}},"fnMap":{"0":{"name":"(anonymous_0)","decl":{"start":{"line":13,"column":13},"end":{"line":13,"column":14}},"loc":{"start":{"line":13,"column":106},"end":{"line":53,"column":null}},"line":13},"1":{"name":"(anonymous_1)","decl":{"start":{"line":59,"column":24},"end":{"line":59,"column":25}},"loc":{"start":{"line":60,"column":2},"end":{"line":62,"column":null}},"line":60}},"branchMap":{"0":{"loc":{"start":{"line":13,"column":16},"end":{"line":13,"column":34}},"type":"default-arg","locations":[{"start":{"line":13,"column":27},"end":{"line":13,"column":34}}],"line":13},"1":{"loc":{"start":{"line":13,"column":34},"end":{"line":13,"column":52}},"type":"default-arg","locations":[{"start":{"line":13,"column":45},"end":{"line":13,"column":52}}],"line":13},"2":{"loc":{"start":{"line":13,"column":52},"end":{"line":13,"column":65}},"type":"default-arg","locations":[{"start":{"line":13,"column":59},"end":{"line":13,"column":65}}],"line":13},"3":{"loc":{"start":{"line":13,"column":75},"end":{"line":13,"column":91}},"type":"default-arg","locations":[{"start":{"line":13,"column":87},"end":{"line":13,"column":91}}],"line":13},"4":{"loc":{"start":{"line":23,"column":22},"end":{"line":25,"column":null}},"type":"cond-expr","locations":[{"start":{"line":24,"column":6},"end":{"line":24,"column":null}},{"start":{"line":25,"column":6},"end":{"line":25,"column":null}}],"line":23},"5":{"loc":{"start":{"line":33,"column":25},"end":{"line":33,"column":null}},"type":"cond-expr","locations":[{"start":{"line":33,"column":36},"end":{"line":33,"column":90}},{"start":{"line":33,"column":90},"end":{"line":33,"column":null}}],"line":33},"6":{"loc":{"start":{"line":59,"column":27},"end":{"line":59,"column":40}},"type":"default-arg","locations":[{"start":{"line":59,"column":37},"end":{"line":59,"column":40}}],"line":59},"7":{"loc":{"start":{"line":59,"column":40},"end":{"line":59,"column":55}},"type":"default-arg","locations":[{"start":{"line":59,"column":46},"end":{"line":59,"column":55}}],"line":59},"8":{"loc":{"start":{"line":59,"column":65},"end":{"line":59,"column":80}},"type":"default-arg","locations":[{"start":{"line":59,"column":77},"end":{"line":59,"column":80}}],"line":59}},"s":{"0":1,"1":14,"2":14,"3":14,"4":14,"5":14,"6":1,"7":4,"8":1,"9":1},"f":{"0":14,"1":4},"b":{"0":[14],"1":[14],"2":[14],"3":[14],"4":[1,13],"5":[1,13],"6":[4],"7":[4],"8":[4]},"meta":{"lastBranch":9,"lastFunction":2,"lastStatement":10,"seen":{"s:13:13:53:Infinity":0,"f:13:13:13:14":0,"b:13:27:13:34":0,"b:13:45:13:52":1,"b:13:59:13:65":2,"b:13:87:13:91":3,"s:14:21:14:Infinity":1,"s:23:22:25:Infinity":2,"b:24:6:24:Infinity:25:6:25:Infinity":4,"s:27:16:31:Infinity":3,"s:33:25:33:Infinity":4,"b:33:36:33:90:33:90:33:Infinity":5,"s:35:2:51:Infinity":5,"s:59:24:62:Infinity":6,"f:59:24:59:25":1,"s:60:2:62:Infinity":7,"b:59:37:59:40":6,"b:59:46:59:55":7,"b:59:77:59:80":8,"s:65:0:78:Infinity":8,"s:80:0:89:Infinity":9}}}
,"/Users/gavinsmacbook/Developer/HTML Content Builder/src/components/ui/IconButton.jsx": {"path":"/Users/gavinsmacbook/Developer/HTML Content Builder/src/components/ui/IconButton.jsx","statementMap":{"0":{"start":{"line":13,"column":19},"end":{"line":97,"column":null}},"1":{"start":{"line":25,"column":26},"end":{"line":25,"column":null}},"2":{"start":{"line":26,"column":21},"end":{"line":26,"column":null}},"3":{"start":{"line":34,"column":19},"end":{"line":53,"column":null}},"4":{"start":{"line":55,"column":16},"end":{"line":61,"column":null}},"5":{"start":{"line":63,"column":20},"end":{"line":69,"column":null}},"6":{"start":{"line":71,"column":25},"end":{"line":71,"column":null}},"7":{"start":{"line":73,"column":23},"end":{"line":73,"column":null}},"8":{"start":{"line":75,"column":2},"end":{"line":95,"column":null}},"9":{"start":{"line":99,"column":0},"end":{"line":118,"column":null}}},"fnMap":{"0":{"name":"(anonymous_0)","decl":{"start":{"line":13,"column":19},"end":{"line":13,"column":20}},"loc":{"start":{"line":23,"column":6},"end":{"line":97,"column":null}},"line":23}},"branchMap":{"0":{"loc":{"start":{"line":14,"column":2},"end":{"line":14,"column":null}},"type":"default-arg","locations":[{"start":{"line":14,"column":9},"end":{"line":14,"column":null}}],"line":14},"1":{"loc":{"start":{"line":15,"column":2},"end":{"line":15,"column":null}},"type":"default-arg","locations":[{"start":{"line":15,"column":12},"end":{"line":15,"column":null}}],"line":15},"2":{"loc":{"start":{"line":16,"column":2},"end":{"line":16,"column":null}},"type":"default-arg","locations":[{"start":{"line":16,"column":13},"end":{"line":16,"column":null}}],"line":16},"3":{"loc":{"start":{"line":17,"column":2},"end":{"line":17,"column":null}},"type":"default-arg","locations":[{"start":{"line":17,"column":11},"end":{"line":17,"column":null}}],"line":17},"4":{"loc":{"start":{"line":21,"column":2},"end":{"line":21,"column":null}},"type":"default-arg","locations":[{"start":{"line":21,"column":14},"end":{"line":21,"column":null}}],"line":21},"5":{"loc":{"start":{"line":25,"column":26},"end":{"line":25,"column":null}},"type":"binary-expr","locations":[{"start":{"line":25,"column":26},"end":{"line":25,"column":39}},{"start":{"line":25,"column":39},"end":{"line":25,"column":null}}],"line":25},"6":{"loc":{"start":{"line":71,"column":25},"end":{"line":71,"column":null}},"type":"cond-expr","locations":[{"start":{"line":71,"column":36},"end":{"line":71,"column":90}},{"start":{"line":71,"column":90},"end":{"line":71,"column":null}}],"line":71},"7":{"loc":{"start":{"line":73,"column":23},"end":{"line":73,"column":null}},"type":"cond-expr","locations":[{"start":{"line":73,"column":32},"end":{"line":73,"column":106}},{"start":{"line":73,"column":106},"end":{"line":73,"column":null}}],"line":73}},"s":{"0":1,"1":10,"2":10,"3":10,"4":10,"5":10,"6":10,"7":10,"8":10,"9":1},"f":{"0":10},"b":{"0":[10],"1":[10],"2":[10],"3":[10],"4":[10],"5":[10,9],"6":[1,9],"7":[1,9]},"meta":{"lastBranch":8,"lastFunction":1,"lastStatement":10,"seen":{"s:13:19:97:Infinity":0,"f:13:19:13:20":0,"b:14:9:14:Infinity":0,"b:15:12:15:Infinity":1,"b:16:13:16:Infinity":2,"b:17:11:17:Infinity":3,"b:21:14:21:Infinity":4,"s:25:26:25:Infinity":1,"b:25:26:25:39:25:39:25:Infinity":5,"s:26:21:26:Infinity":2,"s:34:19:53:Infinity":3,"s:55:16:61:Infinity":4,"s:63:20:69:Infinity":5,"s:71:25:71:Infinity":6,"b:71:36:71:90:71:90:71:Infinity":6,"s:73:23:73:Infinity":7,"b:73:32:73:106:73:106:73:Infinity":7,"s:75:2:95:Infinity":8,"s:99:0:118:Infinity":9}}}
,"/Users/gavinsmacbook/Developer/HTML Content Builder/src/components/ui/Input.jsx": {"path":"/Users/gavinsmacbook/Developer/HTML Content Builder/src/components/ui/Input.jsx","statementMap":{"0":{"start":{"line":12,"column":14},"end":{"line":48,"column":null}},"1":{"start":{"line":13,"column":21},"end":{"line":13,"column":null}},"2":{"start":{"line":21,"column":16},"end":{"line":26,"column":null}},"3":{"start":{"line":28,"column":25},"end":{"line":28,"column":null}},"4":{"start":{"line":30,"column":22},"end":{"line":30,"column":null}},"5":{"start":{"line":32,"column":2},"end":{"line":46,"column":null}},"6":{"start":{"line":54,"column":26},"end":{"line":59,"column":null}},"7":{"start":{"line":55,"column":2},"end":{"line":59,"column":null}},"8":{"start":{"line":62,"column":0},"end":{"line":73,"column":null}},"9":{"start":{"line":75,"column":0},"end":{"line":84,"column":null}}},"fnMap":{"0":{"name":"(anonymous_0)","decl":{"start":{"line":12,"column":14},"end":{"line":12,"column":15}},"loc":{"start":{"line":12,"column":109},"end":{"line":48,"column":null}},"line":12},"1":{"name":"(anonymous_1)","decl":{"start":{"line":54,"column":26},"end":{"line":54,"column":27}},"loc":{"start":{"line":55,"column":2},"end":{"line":59,"column":null}},"line":55}},"branchMap":{"0":{"loc":{"start":{"line":12,"column":17},"end":{"line":12,"column":32}},"type":"default-arg","locations":[{"start":{"line":12,"column":24},"end":{"line":12,"column":32}}],"line":12},"1":{"loc":{"start":{"line":12,"column":32},"end":{"line":12,"column":45}},"type":"default-arg","locations":[{"start":{"line":12,"column":39},"end":{"line":12,"column":45}}],"line":12},"2":{"loc":{"start":{"line":12,"column":45},"end":{"line":12,"column":63}},"type":"default-arg","locations":[{"start":{"line":12,"column":56},"end":{"line":12,"column":63}}],"line":12},"3":{"loc":{"start":{"line":12,"column":63},"end":{"line":12,"column":78}},"type":"default-arg","locations":[{"start":{"line":12,"column":71},"end":{"line":12,"column":78}}],"line":12},"4":{"loc":{"start":{"line":12,"column":78},"end":{"line":12,"column":94}},"type":"default-arg","locations":[{"start":{"line":12,"column":90},"end":{"line":12,"column":94}}],"line":12},"5":{"loc":{"start":{"line":28,"column":25},"end":{"line":28,"column":null}},"type":"cond-expr","locations":[{"start":{"line":28,"column":36},"end":{"line":28,"column":70}},{"start":{"line":28,"column":70},"end":{"line":28,"column":null}}],"line":28},"6":{"loc":{"start":{"line":30,"column":22},"end":{"line":30,"column":null}},"type":"cond-expr","locations":[{"start":{"line":30,"column":30},"end":{"line":30,"column":92}},{"start":{"line":30,"column":92},"end":{"line":30,"column":null}}],"line":30},"7":{"loc":{"start":{"line":54,"column":53},"end":{"line":54,"column":68}},"type":"default-arg","locations":[{"start":{"line":54,"column":65},"end":{"line":54,"column":68}}],"line":54},"8":{"loc":{"start":{"line":56,"column":5},"end":{"line":56,"column":null}},"type":"binary-expr","locations":[{"start":{"line":56,"column":5},"end":{"line":56,"column":14}},{"start":{"line":56,"column":14},"end":{"line":56,"column":null}}],"line":56},"9":{"loc":{"start":{"line":58,"column":5},"end":{"line":58,"column":null}},"type":"binary-expr","locations":[{"start":{"line":58,"column":5},"end":{"line":58,"column":14}},{"start":{"line":58,"column":14},"end":{"line":58,"column":null}}],"line":58}},"s":{"0":1,"1":21,"2":21,"3":21,"4":21,"5":21,"6":1,"7":5,"8":1,"9":1},"f":{"0":21,"1":5},"b":{"0":[21],"1":[21],"2":[21],"3":[21],"4":[21],"5":[2,19],"6":[1,20],"7":[5],"8":[5,2],"9":[5,2]},"meta":{"lastBranch":10,"lastFunction":2,"lastStatement":10,"seen":{"s:12:14:48:Infinity":0,"f:12:14:12:15":0,"b:12:24:12:32":0,"b:12:39:12:45":1,"b:12:56:12:63":2,"b:12:71:12:78":3,"b:12:90:12:94":4,"s:13:21:13:Infinity":1,"s:21:16:26:Infinity":2,"s:28:25:28:Infinity":3,"b:28:36:28:70:28:70:28:Infinity":5,"s:30:22:30:Infinity":4,"b:30:30:30:92:30:92:30:Infinity":6,"s:32:2:46:Infinity":5,"s:54:26:59:Infinity":6,"f:54:26:54:27":1,"s:55:2:59:Infinity":7,"b:54:65:54:68":7,"b:56:5:56:14:56:14:56:Infinity":8,"b:58:5:58:14:58:14:58:Infinity":9,"s:62:0:73:Infinity":8,"s:75:0:84:Infinity":9}}}
,"/Users/gavinsmacbook/Developer/HTML Content Builder/src/components/ui/Slider.jsx": {"path":"/Users/gavinsmacbook/Developer/HTML Content Builder/src/components/ui/Slider.jsx","statementMap":{"0":{"start":{"line":12,"column":15},"end":{"line":70,"column":null}},"1":{"start":{"line":25,"column":23},"end":{"line":27,"column":null}},"2":{"start":{"line":26,"column":4},"end":{"line":26,"column":null}},"3":{"start":{"line":29,"column":2},"end":{"line":68,"column":null}},"4":{"start":{"line":72,"column":0},"end":{"line":93,"column":null}}},"fnMap":{"0":{"name":"(anonymous_0)","decl":{"start":{"line":12,"column":15},"end":{"line":12,"column":16}},"loc":{"start":{"line":24,"column":6},"end":{"line":70,"column":null}},"line":24},"1":{"name":"(anonymous_1)","decl":{"start":{"line":25,"column":23},"end":{"line":25,"column":24}},"loc":{"start":{"line":25,"column":30},"end":{"line":27,"column":null}},"line":25}},"branchMap":{"0":{"loc":{"start":{"line":15,"column":2},"end":{"line":15,"column":null}},"type":"default-arg","locations":[{"start":{"line":15,"column":8},"end":{"line":15,"column":null}}],"line":15},"1":{"loc":{"start":{"line":16,"column":2},"end":{"line":16,"column":null}},"type":"default-arg","locations":[{"start":{"line":16,"column":8},"end":{"line":16,"column":null}}],"line":16},"2":{"loc":{"start":{"line":17,"column":2},"end":{"line":17,"column":null}},"type":"default-arg","locations":[{"start":{"line":17,"column":9},"end":{"line":17,"column":null}}],"line":17},"3":{"loc":{"start":{"line":19,"column":2},"end":{"line":19,"column":null}},"type":"default-arg","locations":[{"start":{"line":19,"column":11},"end":{"line":19,"column":null}}],"line":19},"4":{"loc":{"start":{"line":20,"column":2},"end":{"line":20,"column":null}},"type":"default-arg","locations":[{"start":{"line":20,"column":14},"end":{"line":20,"column":null}}],"line":20},"5":{"loc":{"start":{"line":21,"column":2},"end":{"line":21,"column":null}},"type":"default-arg","locations":[{"start":{"line":21,"column":13},"end":{"line":21,"column":null}}],"line":21},"6":{"loc":{"start":{"line":22,"column":2},"end":{"line":22,"column":null}},"type":"default-arg","locations":[{"start":{"line":22,"column":14},"end":{"line":22,"column":null}}],"line":22},"7":{"loc":{"start":{"line":31,"column":7},"end":{"line":31,"column":null}},"type":"binary-expr","locations":[{"start":{"line":31,"column":7},"end":{"line":31,"column":16}},{"start":{"line":31,"column":16},"end":{"line":31,"column":null}}],"line":31},"8":{"loc":{"start":{"line":56,"column":12},"end":{"line":56,"column":59}},"type":"cond-expr","locations":[{"start":{"line":56,"column":23},"end":{"line":56,"column":57}},{"start":{"line":56,"column":57},"end":{"line":56,"column":59}}],"line":56},"9":{"loc":{"start":{"line":62,"column":7},"end":{"line":66,"column":null}},"type":"binary-expr","locations":[{"start":{"line":62,"column":7},"end":{"line":62,"column":null}},{"start":{"line":63,"column":8},"end":{"line":66,"column":null}}],"line":62}},"s":{"0":1,"1":24,"2":3,"3":24,"4":1},"f":{"0":24,"1":3},"b":{"0":[24],"1":[24],"2":[24],"3":[24],"4":[24],"5":[24],"6":[24],"7":[24,2],"8":[2,22],"9":[24,23]},"meta":{"lastBranch":10,"lastFunction":2,"lastStatement":5,"seen":{"s:12:15:70:Infinity":0,"f:12:15:12:16":0,"b:15:8:15:Infinity":0,"b:16:8:16:Infinity":1,"b:17:9:17:Infinity":2,"b:19:11:19:Infinity":3,"b:20:14:20:Infinity":4,"b:21:13:21:Infinity":5,"b:22:14:22:Infinity":6,"s:25:23:27:Infinity":1,"f:25:23:25:24":1,"s:26:4:26:Infinity":2,"s:29:2:68:Infinity":3,"b:31:7:31:16:31:16:31:Infinity":7,"b:56:23:56:57:56:57:56:59":8,"b:62:7:62:Infinity:63:8:66:Infinity":9,"s:72:0:93:Infinity":4}}}
,"/Users/gavinsmacbook/Developer/HTML Content Builder/src/components/ui/Toast.jsx": {"path":"/Users/gavinsmacbook/Developer/HTML Content Builder/src/components/ui/Toast.jsx","statementMap":{"0":{"start":{"line":4,"column":6},"end":{"line":4,"column":null}},"1":{"start":{"line":9,"column":29},"end":{"line":43,"column":null}},"2":{"start":{"line":10,"column":26},"end":{"line":10,"column":null}},"3":{"start":{"line":12,"column":8},"end":{"line":31,"column":null}},"4":{"start":{"line":13,"column":15},"end":{"line":13,"column":null}},"5":{"start":{"line":14,"column":18},"end":{"line":19,"column":null}},"6":{"start":{"line":21,"column":4},"end":{"line":21,"column":null}},"7":{"start":{"line":21,"column":24},"end":{"line":21,"column":40}},"8":{"start":{"line":24,"column":4},"end":{"line":28,"column":null}},"9":{"start":{"line":25,"column":6},"end":{"line":27,"column":null}},"10":{"start":{"line":26,"column":8},"end":{"line":26,"column":null}},"11":{"start":{"line":26,"column":28},"end":{"line":26,"column":59}},"12":{"start":{"line":26,"column":47},"end":{"line":26,"column":58}},"13":{"start":{"line":30,"column":4},"end":{"line":30,"column":null}},"14":{"start":{"line":33,"column":8},"end":{"line":35,"column":null}},"15":{"start":{"line":34,"column":4},"end":{"line":34,"column":null}},"16":{"start":{"line":34,"column":24},"end":{"line":34,"column":55}},"17":{"start":{"line":34,"column":43},"end":{"line":34,"column":54}},"18":{"start":{"line":37,"column":2},"end":{"line":41,"column":null}},"19":{"start":{"line":48,"column":24},"end":{"line":54,"column":null}},"20":{"start":{"line":49,"column":8},"end":{"line":49,"column":null}},"21":{"start":{"line":50,"column":2},"end":{"line":52,"column":null}},"22":{"start":{"line":51,"column":4},"end":{"line":51,"column":null}},"23":{"start":{"line":53,"column":2},"end":{"line":53,"column":null}},"24":{"start":{"line":59,"column":23},"end":{"line":69,"column":null}},"25":{"start":{"line":60,"column":2},"end":{"line":60,"column":null}},"26":{"start":{"line":60,"column":27},"end":{"line":60,"column":null}},"27":{"start":{"line":62,"column":2},"end":{"line":67,"column":null}},"28":{"start":{"line":65,"column":8},"end":{"line":65,"column":null}},"29":{"start":{"line":74,"column":18},"end":{"line":141,"column":null}},"30":{"start":{"line":75,"column":32},"end":{"line":75,"column":null}},"31":{"start":{"line":77,"column":23},"end":{"line":80,"column":null}},"32":{"start":{"line":78,"column":4},"end":{"line":78,"column":null}},"33":{"start":{"line":79,"column":4},"end":{"line":79,"column":null}},"34":{"start":{"line":79,"column":21},"end":{"line":79,"column":41}},"35":{"start":{"line":83,"column":16},"end":{"line":114,"column":null}},"36":{"start":{"line":116,"column":2},"end":{"line":139,"column":null}}},"fnMap":{"0":{"name":"(anonymous_0)","decl":{"start":{"line":9,"column":29},"end":{"line":9,"column":30}},"loc":{"start":{"line":9,"column":47},"end":{"line":43,"column":null}},"line":9},"1":{"name":"(anonymous_1)","decl":{"start":{"line":12,"column":31},"end":{"line":12,"column":32}},"loc":{"start":{"line":12,"column":58},"end":{"line":31,"column":5}},"line":12},"2":{"name":"(anonymous_2)","decl":{"start":{"line":21,"column":14},"end":{"line":21,"column":15}},"loc":{"start":{"line":21,"column":24},"end":{"line":21,"column":40}},"line":21},"3":{"name":"(anonymous_3)","decl":{"start":{"line":25,"column":17},"end":{"line":25,"column":23}},"loc":{"start":{"line":25,"column":23},"end":{"line":27,"column":9}},"line":25},"4":{"name":"(anonymous_4)","decl":{"start":{"line":26,"column":18},"end":{"line":26,"column":19}},"loc":{"start":{"line":26,"column":28},"end":{"line":26,"column":59}},"line":26},"5":{"name":"(anonymous_5)","decl":{"start":{"line":26,"column":40},"end":{"line":26,"column":41}},"loc":{"start":{"line":26,"column":47},"end":{"line":26,"column":58}},"line":26},"6":{"name":"(anonymous_6)","decl":{"start":{"line":33,"column":34},"end":{"line":33,"column":35}},"loc":{"start":{"line":33,"column":42},"end":{"line":35,"column":5}},"line":33},"7":{"name":"(anonymous_7)","decl":{"start":{"line":34,"column":14},"end":{"line":34,"column":15}},"loc":{"start":{"line":34,"column":24},"end":{"line":34,"column":55}},"line":34},"8":{"name":"(anonymous_8)","decl":{"start":{"line":34,"column":36},"end":{"line":34,"column":37}},"loc":{"start":{"line":34,"column":43},"end":{"line":34,"column":54}},"line":34},"9":{"name":"(anonymous_9)","decl":{"start":{"line":48,"column":24},"end":{"line":48,"column":30}},"loc":{"start":{"line":48,"column":30},"end":{"line":54,"column":null}},"line":48},"10":{"name":"(anonymous_10)","decl":{"start":{"line":59,"column":23},"end":{"line":59,"column":24}},"loc":{"start":{"line":59,"column":49},"end":{"line":69,"column":null}},"line":59},"11":{"name":"(anonymous_11)","decl":{"start":{"line":64,"column":18},"end":{"line":64,"column":19}},"loc":{"start":{"line":65,"column":8},"end":{"line":65,"column":null}},"line":65},"12":{"name":"(anonymous_12)","decl":{"start":{"line":74,"column":18},"end":{"line":74,"column":19}},"loc":{"start":{"line":74,"column":43},"end":{"line":141,"column":null}},"line":74},"13":{"name":"(anonymous_13)","decl":{"start":{"line":77,"column":23},"end":{"line":77,"column":29}},"loc":{"start":{"line":77,"column":29},"end":{"line":80,"column":null}},"line":77},"14":{"name":"(anonymous_14)","decl":{"start":{"line":79,"column":15},"end":{"line":79,"column":21}},"loc":{"start":{"line":79,"column":21},"end":{"line":79,"column":41}},"line":79}},"branchMap":{"0":{"loc":{"start":{"line":12,"column":41},"end":{"line":12,"column":58}},"type":"default-arg","locations":[{"start":{"line":12,"column":51},"end":{"line":12,"column":58}}],"line":12},"1":{"loc":{"start":{"line":17,"column":12},"end":{"line":17,"column":null}},"type":"binary-expr","locations":[{"start":{"line":17,"column":12},"end":{"line":17,"column":28}},{"start":{"line":17,"column":28},"end":{"line":17,"column":null}}],"line":17},"2":{"loc":{"start":{"line":18,"column":16},"end":{"line":18,"column":null}},"type":"binary-expr","locations":[{"start":{"line":18,"column":16},"end":{"line":18,"column":36}},{"start":{"line":18,"column":36},"end":{"line":18,"column":null}}],"line":18},"3":{"loc":{"start":{"line":24,"column":4},"end":{"line":28,"column":null}},"type":"if","locations":[{"start":{"line":24,"column":4},"end":{"line":28,"column":null}},{"start":{},"end":{}}],"line":24},"4":{"loc":{"start":{"line":50,"column":2},"end":{"line":52,"column":null}},"type":"if","locations":[{"start":{"line":50,"column":2},"end":{"line":52,"column":null}},{"start":{},"end":{}}],"line":50},"5":{"loc":{"start":{"line":60,"column":2},"end":{"line":60,"column":null}},"type":"if","locations":[{"start":{"line":60,"column":2},"end":{"line":60,"column":null}},{"start":{},"end":{}}],"line":60},"6":{"loc":{"start":{"line":123,"column":10},"end":{"line":123,"column":77}},"type":"cond-expr","locations":[{"start":{"line":123,"column":22},"end":{"line":123,"column":50}},{"start":{"line":123,"column":50},"end":{"line":123,"column":77}}],"line":123}},"s":{"0":1,"1":1,"2":11,"3":11,"4":5,"5":5,"6":5,"7":5,"8":5,"9":5,"10":1,"11":1,"12":1,"13":5,"14":11,"15":0,"16":0,"17":0,"18":11,"19":1,"20":15,"21":15,"22":4,"23":10,"24":1,"25":11,"26":7,"27":4,"28":5,"29":1,"30":5,"31":5,"32":0,"33":0,"34":0,"35":5,"36":5},"f":{"0":11,"1":5,"2":5,"3":1,"4":1,"5":1,"6":0,"7":0,"8":0,"9":15,"10":11,"11":5,"12":5,"13":0,"14":0},"b":{"0":[5],"1":[5,2],"2":[5,5],"3":[5,0],"4":[4,11],"5":[7,4],"6":[0,5]},"meta":{"lastBranch":7,"lastFunction":15,"lastStatement":37,"seen":{"s:4:6:4:Infinity":0,"s:9:29:43:Infinity":1,"f:9:29:9:30":0,"s:10:26:10:Infinity":2,"s:12:8:31:Infinity":3,"f:12:31:12:32":1,"b:12:51:12:58":0,"s:13:15:13:Infinity":4,"s:14:18:19:Infinity":5,"b:17:12:17:28:17:28:17:Infinity":1,"b:18:16:18:36:18:36:18:Infinity":2,"s:21:4:21:Infinity":6,"f:21:14:21:15":2,"s:21:24:21:40":7,"b:24:4:28:Infinity:undefined:undefined:undefined:undefined":3,"s:24:4:28:Infinity":8,"s:25:6:27:Infinity":9,"f:25:17:25:23":3,"s:26:8:26:Infinity":10,"f:26:18:26:19":4,"s:26:28:26:59":11,"f:26:40:26:41":5,"s:26:47:26:58":12,"s:30:4:30:Infinity":13,"s:33:8:35:Infinity":14,"f:33:34:33:35":6,"s:34:4:34:Infinity":15,"f:34:14:34:15":7,"s:34:24:34:55":16,"f:34:36:34:37":8,"s:34:43:34:54":17,"s:37:2:41:Infinity":18,"s:48:24:54:Infinity":19,"f:48:24:48:30":9,"s:49:8:49:Infinity":20,"b:50:2:52:Infinity:undefined:undefined:undefined:undefined":4,"s:50:2:52:Infinity":21,"s:51:4:51:Infinity":22,"s:53:2:53:Infinity":23,"s:59:23:69:Infinity":24,"f:59:23:59:24":10,"b:60:2:60:Infinity:undefined:undefined:undefined:undefined":5,"s:60:2:60:Infinity":25,"s:60:27:60:Infinity":26,"s:62:2:67:Infinity":27,"f:64:18:64:19":11,"s:65:8:65:Infinity":28,"s:74:18:141:Infinity":29,"f:74:18:74:19":12,"s:75:32:75:Infinity":30,"s:77:23:80:Infinity":31,"f:77:23:77:29":13,"s:78:4:78:Infinity":32,"s:79:4:79:Infinity":33,"f:79:15:79:21":14,"s:79:21:79:41":34,"s:83:16:114:Infinity":35,"s:116:2:139:Infinity":36,"b:123:22:123:50:123:50:123:77":6}}}
,"/Users/gavinsmacbook/Developer/HTML Content Builder/src/config/constants.ts": {"path":"/Users/gavinsmacbook/Developer/HTML Content Builder/src/config/constants.ts","statementMap":{"0":{"start":{"line":8,"column":28},"end":{"line":17,"column":null}},"1":{"start":{"line":21,"column":22},"end":{"line":28,"column":null}},"2":{"start":{"line":32,"column":24},"end":{"line":42,"column":null}},"3":{"start":{"line":46,"column":33},"end":{"line":66,"column":null}},"4":{"start":{"line":70,"column":28},"end":{"line":79,"column":null}},"5":{"start":{"line":83,"column":33},"end":{"line":87,"column":null}},"6":{"start":{"line":90,"column":34},"end":{"line":94,"column":null}},"7":{"start":{"line":97,"column":36},"end":{"line":103,"column":null}},"8":{"start":{"line":106,"column":38},"end":{"line":111,"column":null}},"9":{"start":{"line":114,"column":34},"end":{"line":119,"column":null}}},"fnMap":{},"branchMap":{},"s":{"0":1,"1":1,"2":1,"3":1,"4":1,"5":1,"6":1,"7":1,"8":1,"9":1},"f":{},"b":{},"meta":{"lastBranch":0,"lastFunction":0,"lastStatement":10,"seen":{"s:8:28:17:Infinity":0,"s:21:22:28:Infinity":1,"s:32:24:42:Infinity":2,"s:46:33:66:Infinity":3,"s:70:28:79:Infinity":4,"s:83:33:87:Infinity":5,"s:90:34:94:Infinity":6,"s:97:36:103:Infinity":7,"s:106:38:111:Infinity":8,"s:114:34:119:Infinity":9}}}
,"/Users/gavinsmacbook/Developer/HTML Content Builder/src/config/theme.ts": {"path":"/Users/gavinsmacbook/Developer/HTML Content Builder/src/config/theme.ts","statementMap":{"0":{"start":{"line":12,"column":22},"end":{"line":64,"column":null}},"1":{"start":{"line":67,"column":26},"end":{"line":97,"column":null}},"2":{"start":{"line":100,"column":23},"end":{"line":108,"column":null}},"3":{"start":{"line":111,"column":25},"end":{"line":123,"column":null}},"4":{"start":{"line":126,"column":23},"end":{"line":135,"column":null}},"5":{"start":{"line":138,"column":28},"end":{"line":145,"column":null}},"6":{"start":{"line":148,"column":22},"end":{"line":156,"column":null}},"7":{"start":{"line":159,"column":27},"end":{"line":165,"column":null}},"8":{"start":{"line":169,"column":31},"end":{"line":190,"column":null}},"9":{"start":{"line":199,"column":21},"end":{"line":209,"column":null}}},"fnMap":{},"branchMap":{},"s":{"0":1,"1":1,"2":1,"3":1,"4":1,"5":1,"6":1,"7":1,"8":1,"9":1},"f":{},"b":{},"meta":{"lastBranch":0,"lastFunction":0,"lastStatement":10,"seen":{"s:12:22:64:Infinity":0,"s:67:26:97:Infinity":1,"s:100:23:108:Infinity":2,"s:111:25:123:Infinity":3,"s:126:23:135:Infinity":4,"s:138:28:145:Infinity":5,"s:148:22:156:Infinity":6,"s:159:27:165:Infinity":7,"s:169:31:190:Infinity":8,"s:199:21:209:Infinity":9}}}
,"/Users/gavinsmacbook/Developer/HTML Content Builder/src/data/brandIcons.ts": {"path":"/Users/gavinsmacbook/Developer/HTML Content Builder/src/data/brandIcons.ts","statementMap":{"0":{"start":{"line":18,"column":39},"end":{"line":138,"column":null}},"1":{"start":{"line":141,"column":32},"end":{"line":141,"column":null}},"2":{"start":{"line":141,"column":51},"end":{"line":141,"column":null}},"3":{"start":{"line":144,"column":39},"end":{"line":145,"column":null}},"4":{"start":{"line":145,"column":2},"end":{"line":145,"column":null}},"5":{"start":{"line":145,"column":30},"end":{"line":145,"column":56}},"6":{"start":{"line":148,"column":30},"end":{"line":153,"column":null}}},"fnMap":{"0":{"name":"(anonymous_0)","decl":{"start":{"line":141,"column":32},"end":{"line":141,"column":51}},"loc":{"start":{"line":141,"column":51},"end":{"line":141,"column":null}},"line":141},"1":{"name":"(anonymous_1)","decl":{"start":{"line":144,"column":39},"end":{"line":144,"column":40}},"loc":{"start":{"line":145,"column":2},"end":{"line":145,"column":null}},"line":145},"2":{"name":"(anonymous_2)","decl":{"start":{"line":145,"column":20},"end":{"line":145,"column":21}},"loc":{"start":{"line":145,"column":30},"end":{"line":145,"column":56}},"line":145}},"branchMap":{},"s":{"0":2,"1":2,"2":0,"3":2,"4":0,"5":0,"6":2},"f":{"0":0,"1":0,"2":0},"b":{},"meta":{"lastBranch":0,"lastFunction":3,"lastStatement":7,"seen":{"s:18:39:138:Infinity":0,"s:141:32:141:Infinity":1,"f:141:32:141:51":0,"s:141:51:141:Infinity":2,"s:144:39:145:Infinity":3,"f:144:39:144:40":1,"s:145:2:145:Infinity":4,"f:145:20:145:21":2,"s:145:30:145:56":5,"s:148:30:153:Infinity":6}}}
,"/Users/gavinsmacbook/Developer/HTML Content Builder/src/data/exportPresets.ts": {"path":"/Users/gavinsmacbook/Developer/HTML Content Builder/src/data/exportPresets.ts","statementMap":{"0":{"start":{"line":20,"column":45},"end":{"line":86,"column":null}},"1":{"start":{"line":91,"column":54},"end":{"line":98,"column":null}},"2":{"start":{"line":104,"column":2},"end":{"line":104,"column":null}},"3":{"start":{"line":104,"column":35},"end":{"line":104,"column":46}},"4":{"start":{"line":111,"column":2},"end":{"line":111,"column":null}},"5":{"start":{"line":111,"column":37},"end":{"line":111,"column":60}}},"fnMap":{"0":{"name":"getPresetById","decl":{"start":{"line":103,"column":16},"end":{"line":103,"column":30}},"loc":{"start":{"line":103,"column":68},"end":{"line":105,"column":null}},"line":103},"1":{"name":"(anonymous_1)","decl":{"start":{"line":104,"column":28},"end":{"line":104,"column":29}},"loc":{"start":{"line":104,"column":35},"end":{"line":104,"column":46}},"line":104},"2":{"name":"getPresetsByPlatform","decl":{"start":{"line":110,"column":16},"end":{"line":110,"column":37}},"loc":{"start":{"line":110,"column":71},"end":{"line":112,"column":null}},"line":110},"3":{"name":"(anonymous_3)","decl":{"start":{"line":111,"column":30},"end":{"line":111,"column":31}},"loc":{"start":{"line":111,"column":37},"end":{"line":111,"column":60}},"line":111}},"branchMap":{},"s":{"0":2,"1":2,"2":0,"3":0,"4":0,"5":0},"f":{"0":0,"1":0,"2":0,"3":0},"b":{},"meta":{"lastBranch":0,"lastFunction":4,"lastStatement":6,"seen":{"s:20:45:86:Infinity":0,"s:91:54:98:Infinity":1,"f:103:16:103:30":0,"s:104:2:104:Infinity":2,"f:104:28:104:29":1,"s:104:35:104:46":3,"f:110:16:110:37":2,"s:111:2:111:Infinity":4,"f:111:30:111:31":3,"s:111:37:111:60":5}}}
,"/Users/gavinsmacbook/Developer/HTML Content Builder/src/data/fontOptions.ts": {"path":"/Users/gavinsmacbook/Developer/HTML Content Builder/src/data/fontOptions.ts","statementMap":{"0":{"start":{"line":4,"column":27},"end":{"line":15,"column":null}},"1":{"start":{"line":17,"column":38},"end":{"line":17,"column":null}},"2":{"start":{"line":24,"column":49},"end":{"line":38,"column":null}}},"fnMap":{},"branchMap":{},"s":{"0":2,"1":2,"2":2},"f":{},"b":{},"meta":{"lastBranch":0,"lastFunction":0,"lastStatement":3,"seen":{"s:4:27:15:Infinity":0,"s:17:38:17:Infinity":1,"s:24:49:38:Infinity":2}}}
,"/Users/gavinsmacbook/Developer/HTML Content Builder/src/data/frameSizes.ts": {"path":"/Users/gavinsmacbook/Developer/HTML Content Builder/src/data/frameSizes.ts","statementMap":{"0":{"start":{"line":7,"column":4},"end":{"line":139,"column":null}},"1":{"start":{"line":145,"column":2},"end":{"line":145,"column":null}},"2":{"start":{"line":145,"column":77},"end":{"line":145,"column":103}},"3":{"start":{"line":149,"column":27},"end":{"line":149,"column":null}},"4":{"start":{"line":151,"column":60},"end":{"line":155,"column":null}},"5":{"start":{"line":164,"column":28},"end":{"line":187,"column":null}},"6":{"start":{"line":165,"column":15},"end":{"line":165,"column":null}},"7":{"start":{"line":166,"column":22},"end":{"line":166,"column":null}},"8":{"start":{"line":169,"column":20},"end":{"line":169,"column":null}},"9":{"start":{"line":170,"column":16},"end":{"line":170,"column":null}},"10":{"start":{"line":172,"column":2},"end":{"line":179,"column":null}},"11":{"start":{"line":174,"column":4},"end":{"line":178,"column":null}},"12":{"start":{"line":182,"column":2},"end":{"line":186,"column":null}}},"fnMap":{"0":{"name":"getFrameSizesByCategory","decl":{"start":{"line":144,"column":16},"end":{"line":144,"column":40}},"loc":{"start":{"line":144,"column":103},"end":{"line":146,"column":null}},"line":144},"1":{"name":"(anonymous_1)","decl":{"start":{"line":145,"column":62},"end":{"line":145,"column":63}},"loc":{"start":{"line":145,"column":77},"end":{"line":145,"column":103}},"line":145},"2":{"name":"(anonymous_2)","decl":{"start":{"line":164,"column":28},"end":{"line":164,"column":29}},"loc":{"start":{"line":164,"column":77},"end":{"line":187,"column":null}},"line":164}},"branchMap":{"0":{"loc":{"start":{"line":165,"column":15},"end":{"line":165,"column":null}},"type":"binary-expr","locations":[{"start":{"line":165,"column":15},"end":{"line":165,"column":40}},{"start":{"line":165,"column":40},"end":{"line":165,"column":null}}],"line":165},"1":{"loc":{"start":{"line":166,"column":22},"end":{"line":166,"column":null}},"type":"binary-expr","locations":[{"start":{"line":166,"column":22},"end":{"line":166,"column":51}},{"start":{"line":166,"column":51},"end":{"line":166,"column":null}}],"line":166},"2":{"loc":{"start":{"line":172,"column":2},"end":{"line":179,"column":null}},"type":"if","locations":[{"start":{"line":172,"column":2},"end":{"line":179,"column":null}},{"start":{},"end":{}}],"line":172}},"s":{"0":2,"1":0,"2":0,"3":2,"4":2,"5":2,"6":0,"7":0,"8":0,"9":0,"10":0,"11":0,"12":0},"f":{"0":0,"1":0,"2":0},"b":{"0":[0,0],"1":[0,0],"2":[0,0]},"meta":{"lastBranch":3,"lastFunction":3,"lastStatement":13,"seen":{"s:7:4:139:Infinity":0,"f:144:16:144:40":0,"s:145:2:145:Infinity":1,"f:145:62:145:63":1,"s:145:77:145:103":2,"s:149:27:149:Infinity":3,"s:151:60:155:Infinity":4,"s:164:28:187:Infinity":5,"f:164:28:164:29":2,"s:165:15:165:Infinity":6,"b:165:15:165:40:165:40:165:Infinity":0,"s:166:22:166:Infinity":7,"b:166:22:166:51:166:51:166:Infinity":1,"s:169:20:169:Infinity":8,"s:170:16:170:Infinity":9,"b:172:2:179:Infinity:undefined:undefined:undefined:undefined":2,"s:172:2:179:Infinity":10,"s:174:4:178:Infinity":11,"s:182:2:186:Infinity":12}}}
,"/Users/gavinsmacbook/Developer/HTML Content Builder/src/data/gradients.ts": {"path":"/Users/gavinsmacbook/Developer/HTML Content Builder/src/data/gradients.ts","statementMap":{"0":{"start":{"line":19,"column":64},"end":{"line":38,"column":null}},"1":{"start":{"line":42,"column":58},"end":{"line":55,"column":null}},"2":{"start":{"line":59,"column":59},"end":{"line":59,"column":null}},"3":{"start":{"line":63,"column":59},"end":{"line":88,"column":null}},"4":{"start":{"line":92,"column":53},"end":{"line":111,"column":null}},"5":{"start":{"line":115,"column":52},"end":{"line":134,"column":null}},"6":{"start":{"line":143,"column":51},"end":{"line":153,"column":null}},"7":{"start":{"line":157,"column":50},"end":{"line":164,"column":null}},"8":{"start":{"line":167,"column":39},"end":{"line":167,"column":null}},"9":{"start":{"line":167,"column":55},"end":{"line":167,"column":null}},"10":{"start":{"line":167,"column":79},"end":{"line":167,"column":84}},"11":{"start":{"line":170,"column":38},"end":{"line":170,"column":null}},"12":{"start":{"line":170,"column":54},"end":{"line":170,"column":null}},"13":{"start":{"line":170,"column":77},"end":{"line":170,"column":82}},"14":{"start":{"line":173,"column":32},"end":{"line":173,"column":null}},"15":{"start":{"line":173,"column":80},"end":{"line":173,"column":null}},"16":{"start":{"line":173,"column":105},"end":{"line":173,"column":116}},"17":{"start":{"line":176,"column":38},"end":{"line":177,"column":null}},"18":{"start":{"line":177,"column":2},"end":{"line":177,"column":null}},"19":{"start":{"line":177,"column":29},"end":{"line":177,"column":52}}},"fnMap":{"0":{"name":"(anonymous_0)","decl":{"start":{"line":167,"column":39},"end":{"line":167,"column":55}},"loc":{"start":{"line":167,"column":55},"end":{"line":167,"column":null}},"line":167},"1":{"name":"(anonymous_1)","decl":{"start":{"line":167,"column":72},"end":{"line":167,"column":73}},"loc":{"start":{"line":167,"column":79},"end":{"line":167,"column":84}},"line":167},"2":{"name":"(anonymous_2)","decl":{"start":{"line":170,"column":38},"end":{"line":170,"column":54}},"loc":{"start":{"line":170,"column":54},"end":{"line":170,"column":null}},"line":170},"3":{"name":"(anonymous_3)","decl":{"start":{"line":170,"column":70},"end":{"line":170,"column":71}},"loc":{"start":{"line":170,"column":77},"end":{"line":170,"column":82}},"line":170},"4":{"name":"(anonymous_4)","decl":{"start":{"line":173,"column":32},"end":{"line":173,"column":33}},"loc":{"start":{"line":173,"column":80},"end":{"line":173,"column":null}},"line":173},"5":{"name":"(anonymous_5)","decl":{"start":{"line":173,"column":98},"end":{"line":173,"column":99}},"loc":{"start":{"line":173,"column":105},"end":{"line":173,"column":116}},"line":173},"6":{"name":"(anonymous_6)","decl":{"start":{"line":176,"column":38},"end":{"line":176,"column":39}},"loc":{"start":{"line":177,"column":2},"end":{"line":177,"column":null}},"line":177},"7":{"name":"(anonymous_7)","decl":{"start":{"line":177,"column":22},"end":{"line":177,"column":23}},"loc":{"start":{"line":177,"column":29},"end":{"line":177,"column":52}},"line":177}},"branchMap":{},"s":{"0":2,"1":2,"2":2,"3":2,"4":2,"5":2,"6":2,"7":2,"8":2,"9":0,"10":0,"11":2,"12":0,"13":0,"14":2,"15":0,"16":0,"17":2,"18":0,"19":0},"f":{"0":0,"1":0,"2":0,"3":0,"4":0,"5":0,"6":0,"7":0},"b":{},"meta":{"lastBranch":0,"lastFunction":8,"lastStatement":20,"seen":{"s:19:64:38:Infinity":0,"s:42:58:55:Infinity":1,"s:59:59:59:Infinity":2,"s:63:59:88:Infinity":3,"s:92:53:111:Infinity":4,"s:115:52:134:Infinity":5,"s:143:51:153:Infinity":6,"s:157:50:164:Infinity":7,"s:167:39:167:Infinity":8,"f:167:39:167:55":0,"s:167:55:167:Infinity":9,"f:167:72:167:73":1,"s:167:79:167:84":10,"s:170:38:170:Infinity":11,"f:170:38:170:54":2,"s:170:54:170:Infinity":12,"f:170:70:170:71":3,"s:170:77:170:82":13,"s:173:32:173:Infinity":14,"f:173:32:173:33":4,"s:173:80:173:Infinity":15,"f:173:98:173:99":5,"s:173:105:173:116":16,"s:176:38:177:Infinity":17,"f:176:38:176:39":6,"s:177:2:177:Infinity":18,"f:177:22:177:23":7,"s:177:29:177:52":19}}}
,"/Users/gavinsmacbook/Developer/HTML Content Builder/src/data/initialCarousels.ts": {"path":"/Users/gavinsmacbook/Developer/HTML Content Builder/src/data/initialCarousels.ts","statementMap":{"0":{"start":{"line":4,"column":44},"end":{"line":352,"column":null}},"1":{"start":{"line":359,"column":29},"end":{"line":373,"column":null}},"2":{"start":{"line":361,"column":20},"end":{"line":361,"column":null}},"3":{"start":{"line":364,"column":41},"end":{"line":368,"column":null}},"4":{"start":{"line":372,"column":2},"end":{"line":372,"column":null}}},"fnMap":{"0":{"name":"(anonymous_0)","decl":{"start":{"line":359,"column":29},"end":{"line":359,"column":30}},"loc":{"start":{"line":359,"column":109},"end":{"line":373,"column":null}},"line":359}},"branchMap":{},"s":{"0":2,"1":2,"2":0,"3":0,"4":0},"f":{"0":0},"b":{},"meta":{"lastBranch":0,"lastFunction":1,"lastStatement":5,"seen":{"s:4:44:352:Infinity":0,"s:359:29:373:Infinity":1,"f:359:29:359:30":0,"s:361:20:361:Infinity":2,"s:364:41:368:Infinity":3,"s:372:2:372:Infinity":4}}}
,"/Users/gavinsmacbook/Developer/HTML Content Builder/src/data/initialEblasts.ts": {"path":"/Users/gavinsmacbook/Developer/HTML Content Builder/src/data/initialEblasts.ts","statementMap":{"0":{"start":{"line":7,"column":40},"end":{"line":96,"column":null}},"1":{"start":{"line":102,"column":2},"end":{"line":125,"column":null}},"2":{"start":{"line":134,"column":20},"end":{"line":134,"column":null}},"3":{"start":{"line":135,"column":19},"end":{"line":135,"column":null}},"4":{"start":{"line":137,"column":87},"end":{"line":168,"column":null}},"5":{"start":{"line":169,"column":2},"end":{"line":169,"column":null}}},"fnMap":{"0":{"name":"createEmptyEblast","decl":{"start":{"line":101,"column":16},"end":{"line":101,"column":34}},"loc":{"start":{"line":101,"column":68},"end":{"line":126,"column":null}},"line":101},"1":{"name":"getEblastSectionStyle","decl":{"start":{"line":133,"column":16},"end":{"line":133,"column":38}},"loc":{"start":{"line":133,"column":78},"end":{"line":170,"column":null}},"line":133}},"branchMap":{"0":{"loc":{"start":{"line":169,"column":9},"end":{"line":169,"column":null}},"type":"binary-expr","locations":[{"start":{"line":169,"column":9},"end":{"line":169,"column":33}},{"start":{"line":169,"column":33},"end":{"line":169,"column":null}}],"line":169}},"s":{"0":2,"1":0,"2":0,"3":0,"4":0,"5":0},"f":{"0":0,"1":0},"b":{"0":[0,0]},"meta":{"lastBranch":1,"lastFunction":2,"lastStatement":6,"seen":{"s:7:40:96:Infinity":0,"f:101:16:101:34":0,"s:102:2:125:Infinity":1,"f:133:16:133:38":1,"s:134:20:134:Infinity":2,"s:135:19:135:Infinity":3,"s:137:87:168:Infinity":4,"s:169:2:169:Infinity":5,"b:169:9:169:33:169:33:169:Infinity":0}}}
,"/Users/gavinsmacbook/Developer/HTML Content Builder/src/data/initialSingleImages.ts": {"path":"/Users/gavinsmacbook/Developer/HTML Content Builder/src/data/initialSingleImages.ts","statementMap":{"0":{"start":{"line":16,"column":4},"end":{"line":81,"column":null}},"1":{"start":{"line":86,"column":33},"end":{"line":110,"column":null}},"2":{"start":{"line":115,"column":50},"end":{"line":235,"column":null}},"3":{"start":{"line":241,"column":2},"end":{"line":260,"column":null}}},"fnMap":{"0":{"name":"createEmptySingleImage","decl":{"start":{"line":240,"column":16},"end":{"line":240,"column":39}},"loc":{"start":{"line":240,"column":78},"end":{"line":261,"column":null}},"line":240}},"branchMap":{},"s":{"0":2,"1":2,"2":2,"3":0},"f":{"0":0},"b":{},"meta":{"lastBranch":0,"lastFunction":1,"lastStatement":4,"seen":{"s:16:4:81:Infinity":0,"s:86:33:110:Infinity":1,"s:115:50:235:Infinity":2,"f:240:16:240:39":0,"s:241:2:260:Infinity":3}}}
,"/Users/gavinsmacbook/Developer/HTML Content Builder/src/data/initialVideoCovers.ts": {"path":"/Users/gavinsmacbook/Developer/HTML Content Builder/src/data/initialVideoCovers.ts","statementMap":{"0":{"start":{"line":7,"column":48},"end":{"line":29,"column":null}},"1":{"start":{"line":35,"column":2},"end":{"line":53,"column":null}},"2":{"start":{"line":62,"column":20},"end":{"line":62,"column":null}},"3":{"start":{"line":63,"column":19},"end":{"line":63,"column":null}},"4":{"start":{"line":65,"column":87},"end":{"line":91,"column":null}},"5":{"start":{"line":92,"column":2},"end":{"line":92,"column":null}}},"fnMap":{"0":{"name":"createEmptyVideoCover","decl":{"start":{"line":34,"column":16},"end":{"line":34,"column":38}},"loc":{"start":{"line":34,"column":76},"end":{"line":54,"column":null}},"line":34},"1":{"name":"getVideoCoverStyle","decl":{"start":{"line":61,"column":16},"end":{"line":61,"column":35}},"loc":{"start":{"line":61,"column":73},"end":{"line":93,"column":null}},"line":61}},"branchMap":{"0":{"loc":{"start":{"line":92,"column":9},"end":{"line":92,"column":null}},"type":"binary-expr","locations":[{"start":{"line":92,"column":9},"end":{"line":92,"column":31}},{"start":{"line":92,"column":31},"end":{"line":92,"column":null}}],"line":92}},"s":{"0":2,"1":0,"2":0,"3":0,"4":0,"5":0},"f":{"0":0,"1":0},"b":{"0":[0,0]},"meta":{"lastBranch":1,"lastFunction":2,"lastStatement":6,"seen":{"s:7:48:29:Infinity":0,"f:34:16:34:38":0,"s:35:2:53:Infinity":1,"f:61:16:61:35":1,"s:62:20:62:Infinity":2,"s:63:19:63:Infinity":3,"s:65:87:91:Infinity":4,"s:92:2:92:Infinity":5,"b:92:9:92:31:92:31:92:Infinity":0}}}
,"/Users/gavinsmacbook/Developer/HTML Content Builder/src/data/patterns.ts": {"path":"/Users/gavinsmacbook/Developer/HTML Content Builder/src/data/patterns.ts","statementMap":{"0":{"start":{"line":30,"column":21},"end":{"line":30,"column":null}},"1":{"start":{"line":30,"column":46},"end":{"line":30,"column":null}},"2":{"start":{"line":33,"column":21},"end":{"line":33,"column":null}},"3":{"start":{"line":34,"column":27},"end":{"line":34,"column":null}},"4":{"start":{"line":35,"column":27},"end":{"line":35,"column":null}},"5":{"start":{"line":38,"column":54},"end":{"line":105,"column":null}},"6":{"start":{"line":108,"column":52},"end":{"line":153,"column":null}},"7":{"start":{"line":156,"column":52},"end":{"line":201,"column":null}},"8":{"start":{"line":204,"column":50},"end":{"line":267,"column":null}},"9":{"start":{"line":271,"column":55},"end":{"line":437,"column":null}},"10":{"start":{"line":441,"column":48},"end":{"line":447,"column":null}},"11":{"start":{"line":449,"column":33},"end":{"line":454,"column":null}},"12":{"start":{"line":457,"column":31},"end":{"line":457,"column":null}},"13":{"start":{"line":457,"column":78},"end":{"line":457,"column":null}},"14":{"start":{"line":457,"column":102},"end":{"line":457,"column":113}},"15":{"start":{"line":459,"column":37},"end":{"line":460,"column":null}},"16":{"start":{"line":460,"column":2},"end":{"line":460,"column":null}},"17":{"start":{"line":460,"column":28},"end":{"line":460,"column":51}},"18":{"start":{"line":465,"column":34},"end":{"line":477,"column":null}},"19":{"start":{"line":466,"column":18},"end":{"line":466,"column":null}},"20":{"start":{"line":467,"column":2},"end":{"line":467,"column":null}},"21":{"start":{"line":467,"column":16},"end":{"line":467,"column":null}},"22":{"start":{"line":469,"column":2},"end":{"line":476,"column":null}}},"fnMap":{"0":{"name":"(anonymous_0)","decl":{"start":{"line":30,"column":21},"end":{"line":30,"column":22}},"loc":{"start":{"line":30,"column":46},"end":{"line":30,"column":null}},"line":30},"1":{"name":"(anonymous_1)","decl":{"start":{"line":457,"column":31},"end":{"line":457,"column":32}},"loc":{"start":{"line":457,"column":78},"end":{"line":457,"column":null}},"line":457},"2":{"name":"(anonymous_2)","decl":{"start":{"line":457,"column":95},"end":{"line":457,"column":96}},"loc":{"start":{"line":457,"column":102},"end":{"line":457,"column":113}},"line":457},"3":{"name":"(anonymous_3)","decl":{"start":{"line":459,"column":37},"end":{"line":459,"column":38}},"loc":{"start":{"line":460,"column":2},"end":{"line":460,"column":null}},"line":460},"4":{"name":"(anonymous_4)","decl":{"start":{"line":460,"column":21},"end":{"line":460,"column":22}},"loc":{"start":{"line":460,"column":28},"end":{"line":460,"column":51}},"line":460},"5":{"name":"(anonymous_5)","decl":{"start":{"line":465,"column":34},"end":{"line":465,"column":35}},"loc":{"start":{"line":465,"column":78},"end":{"line":477,"column":null}},"line":465}},"branchMap":{"0":{"loc":{"start":{"line":467,"column":2},"end":{"line":467,"column":null}},"type":"if","locations":[{"start":{"line":467,"column":2},"end":{"line":467,"column":null}},{"start":{},"end":{}}],"line":467}},"s":{"0":2,"1":36,"2":2,"3":2,"4":2,"5":2,"6":2,"7":2,"8":2,"9":2,"10":2,"11":2,"12":2,"13":2,"14":72,"15":2,"16":0,"17":0,"18":2,"19":2,"20":2,"21":2,"22":0},"f":{"0":36,"1":2,"2":72,"3":0,"4":0,"5":2},"b":{"0":[2,0]},"meta":{"lastBranch":1,"lastFunction":6,"lastStatement":23,"seen":{"s:30:21:30:Infinity":0,"f:30:21:30:22":0,"s:30:46:30:Infinity":1,"s:33:21:33:Infinity":2,"s:34:27:34:Infinity":3,"s:35:27:35:Infinity":4,"s:38:54:105:Infinity":5,"s:108:52:153:Infinity":6,"s:156:52:201:Infinity":7,"s:204:50:267:Infinity":8,"s:271:55:437:Infinity":9,"s:441:48:447:Infinity":10,"s:449:33:454:Infinity":11,"s:457:31:457:Infinity":12,"f:457:31:457:32":1,"s:457:78:457:Infinity":13,"f:457:95:457:96":2,"s:457:102:457:113":14,"s:459:37:460:Infinity":15,"f:459:37:459:38":3,"s:460:2:460:Infinity":16,"f:460:21:460:22":4,"s:460:28:460:51":17,"s:465:34:477:Infinity":18,"f:465:34:465:35":5,"s:466:18:466:Infinity":19,"b:467:2:467:Infinity:undefined:undefined:undefined:undefined":0,"s:467:2:467:Infinity":20,"s:467:16:467:Infinity":21,"s:469:2:476:Infinity":22}}}
,"/Users/gavinsmacbook/Developer/HTML Content Builder/src/hooks/useCarousels.js": {"path":"/Users/gavinsmacbook/Developer/HTML Content Builder/src/hooks/useCarousels.js","statementMap":{"0":{"start":{"line":8,"column":20},"end":{"line":8,"column":42}},"1":{"start":{"line":11,"column":29},"end":{"line":18,"column":1}},"2":{"start":{"line":21,"column":26},"end":{"line":23,"column":1}},"3":{"start":{"line":22,"column":2},"end":{"line":22,"column":null}},"4":{"start":{"line":26,"column":31},"end":{"line":29,"column":2}},"5":{"start":{"line":32,"column":32},"end":{"line":77,"column":1}},"6":{"start":{"line":81,"column":2},"end":{"line":86,"column":null}},"7":{"start":{"line":91,"column":2},"end":{"line":809,"column":null}},"8":{"start":{"line":93,"column":6},"end":{"line":93,"column":null}},"9":{"start":{"line":96,"column":29},"end":{"line":96,"column":35}},"10":{"start":{"line":97,"column":24},"end":{"line":97,"column":86}},"11":{"start":{"line":99,"column":8},"end":{"line":99,"column":109}},"12":{"start":{"line":101,"column":6},"end":{"line":109,"column":null}},"13":{"start":{"line":102,"column":8},"end":{"line":102,"column":null}},"14":{"start":{"line":103,"column":13},"end":{"line":109,"column":null}},"15":{"start":{"line":104,"column":8},"end":{"line":104,"column":null}},"16":{"start":{"line":105,"column":13},"end":{"line":109,"column":null}},"17":{"start":{"line":106,"column":8},"end":{"line":106,"column":null}},"18":{"start":{"line":108,"column":8},"end":{"line":108,"column":null}},"19":{"start":{"line":113,"column":38},"end":{"line":113,"column":44}},"20":{"start":{"line":114,"column":36},"end":{"line":114,"column":115}},"21":{"start":{"line":116,"column":8},"end":{"line":116,"column":101}},"22":{"start":{"line":117,"column":6},"end":{"line":122,"column":null}},"23":{"start":{"line":126,"column":6},"end":{"line":126,"column":null}},"24":{"start":{"line":129,"column":6},"end":{"line":129,"column":null}},"25":{"start":{"line":133,"column":6},"end":{"line":133,"column":null}},"26":{"start":{"line":136,"column":6},"end":{"line":147,"column":null}},"27":{"start":{"line":139,"column":10},"end":{"line":139,"column":null}},"28":{"start":{"line":139,"column":49},"end":{"line":139,"column":null}},"29":{"start":{"line":140,"column":10},"end":{"line":145,"column":null}},"30":{"start":{"line":143,"column":14},"end":{"line":143,"column":null}},"31":{"start":{"line":150,"column":6},"end":{"line":161,"column":null}},"32":{"start":{"line":153,"column":10},"end":{"line":153,"column":null}},"33":{"start":{"line":153,"column":49},"end":{"line":153,"column":null}},"34":{"start":{"line":154,"column":10},"end":{"line":159,"column":null}},"35":{"start":{"line":157,"column":14},"end":{"line":157,"column":null}},"36":{"start":{"line":164,"column":6},"end":{"line":175,"column":null}},"37":{"start":{"line":167,"column":10},"end":{"line":167,"column":null}},"38":{"start":{"line":167,"column":49},"end":{"line":167,"column":null}},"39":{"start":{"line":168,"column":10},"end":{"line":173,"column":null}},"40":{"start":{"line":171,"column":14},"end":{"line":171,"column":null}},"41":{"start":{"line":178,"column":6},"end":{"line":195,"column":null}},"42":{"start":{"line":181,"column":10},"end":{"line":181,"column":null}},"43":{"start":{"line":181,"column":49},"end":{"line":181,"column":null}},"44":{"start":{"line":182,"column":10},"end":{"line":193,"column":null}},"45":{"start":{"line":185,"column":14},"end":{"line":185,"column":null}},"46":{"start":{"line":185,"column":47},"end":{"line":185,"column":null}},"47":{"start":{"line":186,"column":38},"end":{"line":186,"column":57}},"48":{"start":{"line":187,"column":14},"end":{"line":190,"column":null}},"49":{"start":{"line":191,"column":14},"end":{"line":191,"column":null}},"50":{"start":{"line":198,"column":6},"end":{"line":221,"column":null}},"51":{"start":{"line":201,"column":10},"end":{"line":201,"column":null}},"52":{"start":{"line":201,"column":49},"end":{"line":201,"column":null}},"53":{"start":{"line":202,"column":10},"end":{"line":219,"column":null}},"54":{"start":{"line":205,"column":14},"end":{"line":205,"column":null}},"55":{"start":{"line":205,"column":47},"end":{"line":205,"column":null}},"56":{"start":{"line":206,"column":38},"end":{"line":206,"column":57}},"57":{"start":{"line":207,"column":37},"end":{"line":207,"column":74}},"58":{"start":{"line":208,"column":40},"end":{"line":208,"column":71}},"59":{"start":{"line":209,"column":38},"end":{"line":209,"column":75}},"60":{"start":{"line":210,"column":14},"end":{"line":216,"column":null}},"61":{"start":{"line":217,"column":14},"end":{"line":217,"column":null}},"62":{"start":{"line":224,"column":6},"end":{"line":249,"column":null}},"63":{"start":{"line":227,"column":10},"end":{"line":227,"column":null}},"64":{"start":{"line":227,"column":49},"end":{"line":227,"column":null}},"65":{"start":{"line":228,"column":30},"end":{"line":228,"column":97}},"66":{"start":{"line":229,"column":32},"end":{"line":229,"column":99}},"67":{"start":{"line":230,"column":27},"end":{"line":243,"column":11}},"68":{"start":{"line":244,"column":28},"end":{"line":244,"column":48}},"69":{"start":{"line":245,"column":10},"end":{"line":245,"column":null}},"70":{"start":{"line":246,"column":35},"end":{"line":246,"column":85}},"71":{"start":{"line":246,"column":62},"end":{"line":246,"column":83}},"72":{"start":{"line":247,"column":10},"end":{"line":247,"column":null}},"73":{"start":{"line":254,"column":8},"end":{"line":254,"column":98}},"74":{"start":{"line":255,"column":6},"end":{"line":266,"column":null}},"75":{"start":{"line":259,"column":10},"end":{"line":259,"column":null}},"76":{"start":{"line":259,"column":49},"end":{"line":259,"column":null}},"77":{"start":{"line":260,"column":10},"end":{"line":260,"column":null}},"78":{"start":{"line":260,"column":43},"end":{"line":260,"column":null}},"79":{"start":{"line":261,"column":28},"end":{"line":263,"column":53}},"80":{"start":{"line":262,"column":27},"end":{"line":262,"column":50}},"81":{"start":{"line":263,"column":30},"end":{"line":263,"column":51}},"82":{"start":{"line":264,"column":10},"end":{"line":264,"column":null}},"83":{"start":{"line":270,"column":6},"end":{"line":275,"column":null}},"84":{"start":{"line":273,"column":10},"end":{"line":273,"column":null}},"85":{"start":{"line":278,"column":6},"end":{"line":288,"column":null}},"86":{"start":{"line":281,"column":10},"end":{"line":281,"column":null}},"87":{"start":{"line":281,"column":49},"end":{"line":281,"column":null}},"88":{"start":{"line":282,"column":27},"end":{"line":285,"column":13}},"89":{"start":{"line":282,"column":106},"end":{"line":285,"column":11}},"90":{"start":{"line":286,"column":10},"end":{"line":286,"column":null}},"91":{"start":{"line":291,"column":20},"end":{"line":291,"column":30}},"92":{"start":{"line":292,"column":26},"end":{"line":311,"column":7}},"93":{"start":{"line":312,"column":27},"end":{"line":312,"column":47}},"94":{"start":{"line":313,"column":6},"end":{"line":313,"column":null}},"95":{"start":{"line":314,"column":6},"end":{"line":314,"column":null}},"96":{"start":{"line":318,"column":6},"end":{"line":318,"column":null}},"97":{"start":{"line":318,"column":39},"end":{"line":318,"column":null}},"98":{"start":{"line":319,"column":35},"end":{"line":319,"column":81}},"99":{"start":{"line":320,"column":6},"end":{"line":326,"column":null}},"100":{"start":{"line":325,"column":49},"end":{"line":325,"column":75}},"101":{"start":{"line":331,"column":47},"end":{"line":331,"column":53}},"102":{"start":{"line":332,"column":6},"end":{"line":332,"column":null}},"103":{"start":{"line":332,"column":29},"end":{"line":332,"column":null}},"104":{"start":{"line":333,"column":6},"end":{"line":336,"column":null}},"105":{"start":{"line":335,"column":47},"end":{"line":335,"column":96}},"106":{"start":{"line":340,"column":50},"end":{"line":340,"column":56}},"107":{"start":{"line":341,"column":6},"end":{"line":352,"column":null}},"108":{"start":{"line":344,"column":10},"end":{"line":344,"column":null}},"109":{"start":{"line":344,"column":42},"end":{"line":344,"column":null}},"110":{"start":{"line":345,"column":10},"end":{"line":350,"column":null}},"111":{"start":{"line":348,"column":14},"end":{"line":348,"column":null}},"112":{"start":{"line":358,"column":63},"end":{"line":358,"column":69}},"113":{"start":{"line":359,"column":6},"end":{"line":398,"column":null}},"114":{"start":{"line":362,"column":10},"end":{"line":362,"column":null}},"115":{"start":{"line":362,"column":42},"end":{"line":362,"column":null}},"116":{"start":{"line":363,"column":28},"end":{"line":363,"column":50}},"117":{"start":{"line":364,"column":10},"end":{"line":364,"column":null}},"118":{"start":{"line":364,"column":31},"end":{"line":364,"column":null}},"119":{"start":{"line":367,"column":31},"end":{"line":367,"column":76}},"120":{"start":{"line":368,"column":32},"end":{"line":368,"column":59}},"121":{"start":{"line":370,"column":10},"end":{"line":396,"column":null}},"122":{"start":{"line":374,"column":14},"end":{"line":376,"column":null}},"123":{"start":{"line":375,"column":16},"end":{"line":375,"column":29}},"124":{"start":{"line":379,"column":36},"end":{"line":379,"column":52}},"125":{"start":{"line":384,"column":38},"end":{"line":384,"column":105}},"126":{"start":{"line":386,"column":14},"end":{"line":394,"column":null}},"127":{"start":{"line":404,"column":48},"end":{"line":404,"column":54}},"128":{"start":{"line":405,"column":28},"end":{"line":415,"column":7}},"129":{"start":{"line":417,"column":6},"end":{"line":428,"column":null}},"130":{"start":{"line":420,"column":10},"end":{"line":420,"column":null}},"131":{"start":{"line":420,"column":42},"end":{"line":420,"column":null}},"132":{"start":{"line":421,"column":10},"end":{"line":426,"column":null}},"133":{"start":{"line":424,"column":14},"end":{"line":424,"column":null}},"134":{"start":{"line":432,"column":47},"end":{"line":432,"column":53}},"135":{"start":{"line":433,"column":6},"end":{"line":448,"column":null}},"136":{"start":{"line":436,"column":10},"end":{"line":436,"column":null}},"137":{"start":{"line":436,"column":42},"end":{"line":436,"column":null}},"138":{"start":{"line":437,"column":10},"end":{"line":446,"column":null}},"139":{"start":{"line":440,"column":14},"end":{"line":440,"column":null}},"140":{"start":{"line":440,"column":61},"end":{"line":440,"column":null}},"141":{"start":{"line":441,"column":14},"end":{"line":444,"column":null}},"142":{"start":{"line":452,"column":38},"end":{"line":452,"column":44}},"143":{"start":{"line":453,"column":6},"end":{"line":466,"column":null}},"144":{"start":{"line":456,"column":10},"end":{"line":456,"column":null}},"145":{"start":{"line":456,"column":42},"end":{"line":456,"column":null}},"146":{"start":{"line":457,"column":10},"end":{"line":464,"column":null}},"147":{"start":{"line":460,"column":14},"end":{"line":460,"column":null}},"148":{"start":{"line":460,"column":40},"end":{"line":460,"column":null}},"149":{"start":{"line":461,"column":59},"end":{"line":461,"column":64}},"150":{"start":{"line":462,"column":14},"end":{"line":462,"column":null}},"151":{"start":{"line":471,"column":41},"end":{"line":471,"column":47}},"152":{"start":{"line":472,"column":6},"end":{"line":472,"column":null}},"153":{"start":{"line":472,"column":26},"end":{"line":472,"column":null}},"154":{"start":{"line":474,"column":6},"end":{"line":486,"column":null}},"155":{"start":{"line":476,"column":54},"end":{"line":485,"column":9}},"156":{"start":{"line":479,"column":12},"end":{"line":479,"column":null}},"157":{"start":{"line":479,"column":87},"end":{"line":479,"column":null}},"158":{"start":{"line":480,"column":12},"end":{"line":483,"column":null}},"159":{"start":{"line":492,"column":49},"end":{"line":492,"column":55}},"160":{"start":{"line":493,"column":29},"end":{"line":493,"column":59}},"161":{"start":{"line":494,"column":6},"end":{"line":494,"column":null}},"162":{"start":{"line":494,"column":28},"end":{"line":494,"column":null}},"163":{"start":{"line":496,"column":6},"end":{"line":507,"column":null}},"164":{"start":{"line":499,"column":10},"end":{"line":499,"column":null}},"165":{"start":{"line":499,"column":42},"end":{"line":499,"column":null}},"166":{"start":{"line":500,"column":10},"end":{"line":505,"column":null}},"167":{"start":{"line":503,"column":14},"end":{"line":503,"column":null}},"168":{"start":{"line":511,"column":47},"end":{"line":511,"column":53}},"169":{"start":{"line":512,"column":6},"end":{"line":527,"column":null}},"170":{"start":{"line":515,"column":10},"end":{"line":515,"column":null}},"171":{"start":{"line":515,"column":42},"end":{"line":515,"column":null}},"172":{"start":{"line":516,"column":10},"end":{"line":525,"column":null}},"173":{"start":{"line":519,"column":14},"end":{"line":519,"column":null}},"174":{"start":{"line":519,"column":63},"end":{"line":519,"column":null}},"175":{"start":{"line":520,"column":14},"end":{"line":523,"column":null}},"176":{"start":{"line":531,"column":38},"end":{"line":531,"column":44}},"177":{"start":{"line":532,"column":6},"end":{"line":545,"column":null}},"178":{"start":{"line":535,"column":10},"end":{"line":535,"column":null}},"179":{"start":{"line":535,"column":42},"end":{"line":535,"column":null}},"180":{"start":{"line":536,"column":10},"end":{"line":543,"column":null}},"181":{"start":{"line":539,"column":14},"end":{"line":539,"column":null}},"182":{"start":{"line":539,"column":40},"end":{"line":539,"column":null}},"183":{"start":{"line":540,"column":63},"end":{"line":540,"column":68}},"184":{"start":{"line":541,"column":14},"end":{"line":541,"column":null}},"185":{"start":{"line":550,"column":62},"end":{"line":550,"column":68}},"186":{"start":{"line":551,"column":30},"end":{"line":551,"column":60}},"187":{"start":{"line":552,"column":6},"end":{"line":552,"column":null}},"188":{"start":{"line":552,"column":29},"end":{"line":552,"column":null}},"189":{"start":{"line":554,"column":6},"end":{"line":586,"column":null}},"190":{"start":{"line":557,"column":10},"end":{"line":557,"column":null}},"191":{"start":{"line":557,"column":42},"end":{"line":557,"column":null}},"192":{"start":{"line":558,"column":28},"end":{"line":558,"column":50}},"193":{"start":{"line":559,"column":10},"end":{"line":559,"column":null}},"194":{"start":{"line":559,"column":31},"end":{"line":559,"column":null}},"195":{"start":{"line":561,"column":31},"end":{"line":561,"column":76}},"196":{"start":{"line":562,"column":32},"end":{"line":562,"column":59}},"197":{"start":{"line":564,"column":10},"end":{"line":584,"column":null}},"198":{"start":{"line":567,"column":14},"end":{"line":569,"column":null}},"199":{"start":{"line":568,"column":16},"end":{"line":568,"column":null}},"200":{"start":{"line":571,"column":36},"end":{"line":571,"column":52}},"201":{"start":{"line":573,"column":14},"end":{"line":582,"column":null}},"202":{"start":{"line":590,"column":47},"end":{"line":590,"column":53}},"203":{"start":{"line":591,"column":6},"end":{"line":607,"column":null}},"204":{"start":{"line":594,"column":10},"end":{"line":594,"column":null}},"205":{"start":{"line":594,"column":42},"end":{"line":594,"column":null}},"206":{"start":{"line":595,"column":10},"end":{"line":605,"column":null}},"207":{"start":{"line":598,"column":14},"end":{"line":598,"column":null}},"208":{"start":{"line":598,"column":40},"end":{"line":598,"column":null}},"209":{"start":{"line":599,"column":14},"end":{"line":603,"column":null}},"210":{"start":{"line":613,"column":76},"end":{"line":613,"column":82}},"211":{"start":{"line":618,"column":21},"end":{"line":618,"column":26}},"212":{"start":{"line":620,"column":6},"end":{"line":629,"column":null}},"213":{"start":{"line":622,"column":8},"end":{"line":622,"column":null}},"214":{"start":{"line":623,"column":13},"end":{"line":629,"column":null}},"215":{"start":{"line":625,"column":8},"end":{"line":625,"column":null}},"216":{"start":{"line":626,"column":13},"end":{"line":629,"column":null}},"217":{"start":{"line":628,"column":8},"end":{"line":628,"column":null}},"218":{"start":{"line":631,"column":35},"end":{"line":639,"column":7}},"219":{"start":{"line":641,"column":6},"end":{"line":652,"column":null}},"220":{"start":{"line":644,"column":10},"end":{"line":644,"column":null}},"221":{"start":{"line":644,"column":42},"end":{"line":644,"column":null}},"222":{"start":{"line":645,"column":10},"end":{"line":650,"column":null}},"223":{"start":{"line":648,"column":14},"end":{"line":648,"column":null}},"224":{"start":{"line":656,"column":47},"end":{"line":656,"column":53}},"225":{"start":{"line":657,"column":6},"end":{"line":672,"column":null}},"226":{"start":{"line":660,"column":10},"end":{"line":660,"column":null}},"227":{"start":{"line":660,"column":42},"end":{"line":660,"column":null}},"228":{"start":{"line":661,"column":10},"end":{"line":670,"column":null}},"229":{"start":{"line":664,"column":14},"end":{"line":664,"column":null}},"230":{"start":{"line":664,"column":68},"end":{"line":664,"column":null}},"231":{"start":{"line":665,"column":14},"end":{"line":668,"column":null}},"232":{"start":{"line":676,"column":38},"end":{"line":676,"column":44}},"233":{"start":{"line":677,"column":6},"end":{"line":690,"column":null}},"234":{"start":{"line":680,"column":10},"end":{"line":680,"column":null}},"235":{"start":{"line":680,"column":42},"end":{"line":680,"column":null}},"236":{"start":{"line":681,"column":10},"end":{"line":688,"column":null}},"237":{"start":{"line":684,"column":14},"end":{"line":684,"column":null}},"238":{"start":{"line":684,"column":40},"end":{"line":684,"column":null}},"239":{"start":{"line":685,"column":73},"end":{"line":685,"column":78}},"240":{"start":{"line":686,"column":14},"end":{"line":686,"column":null}},"241":{"start":{"line":696,"column":66},"end":{"line":696,"column":72}},"242":{"start":{"line":698,"column":27},"end":{"line":707,"column":7}},"243":{"start":{"line":709,"column":6},"end":{"line":720,"column":null}},"244":{"start":{"line":712,"column":10},"end":{"line":712,"column":null}},"245":{"start":{"line":712,"column":42},"end":{"line":712,"column":null}},"246":{"start":{"line":713,"column":10},"end":{"line":718,"column":null}},"247":{"start":{"line":716,"column":14},"end":{"line":716,"column":null}},"248":{"start":{"line":724,"column":47},"end":{"line":724,"column":53}},"249":{"start":{"line":725,"column":6},"end":{"line":740,"column":null}},"250":{"start":{"line":728,"column":10},"end":{"line":728,"column":null}},"251":{"start":{"line":728,"column":42},"end":{"line":728,"column":null}},"252":{"start":{"line":729,"column":10},"end":{"line":738,"column":null}},"253":{"start":{"line":732,"column":14},"end":{"line":732,"column":null}},"254":{"start":{"line":732,"column":60},"end":{"line":732,"column":null}},"255":{"start":{"line":733,"column":14},"end":{"line":736,"column":null}},"256":{"start":{"line":744,"column":38},"end":{"line":744,"column":44}},"257":{"start":{"line":745,"column":6},"end":{"line":758,"column":null}},"258":{"start":{"line":748,"column":10},"end":{"line":748,"column":null}},"259":{"start":{"line":748,"column":42},"end":{"line":748,"column":null}},"260":{"start":{"line":749,"column":10},"end":{"line":756,"column":null}},"261":{"start":{"line":752,"column":14},"end":{"line":752,"column":null}},"262":{"start":{"line":752,"column":40},"end":{"line":752,"column":null}},"263":{"start":{"line":753,"column":57},"end":{"line":753,"column":62}},"264":{"start":{"line":754,"column":14},"end":{"line":754,"column":null}},"265":{"start":{"line":764,"column":47},"end":{"line":764,"column":53}},"266":{"start":{"line":765,"column":6},"end":{"line":786,"column":null}},"267":{"start":{"line":768,"column":10},"end":{"line":768,"column":null}},"268":{"start":{"line":768,"column":42},"end":{"line":768,"column":null}},"269":{"start":{"line":769,"column":10},"end":{"line":784,"column":null}},"270":{"start":{"line":772,"column":14},"end":{"line":772,"column":null}},"271":{"start":{"line":772,"column":40},"end":{"line":772,"column":null}},"272":{"start":{"line":773,"column":14},"end":{"line":782,"column":null}},"273":{"start":{"line":792,"column":48},"end":{"line":792,"column":54}},"274":{"start":{"line":793,"column":6},"end":{"line":804,"column":null}},"275":{"start":{"line":796,"column":10},"end":{"line":796,"column":null}},"276":{"start":{"line":796,"column":42},"end":{"line":796,"column":null}},"277":{"start":{"line":797,"column":10},"end":{"line":802,"column":null}},"278":{"start":{"line":800,"column":14},"end":{"line":800,"column":null}},"279":{"start":{"line":808,"column":6},"end":{"line":808,"column":null}},"280":{"start":{"line":814,"column":2},"end":{"line":837,"column":null}},"281":{"start":{"line":815,"column":18},"end":{"line":815,"column":51}},"282":{"start":{"line":816,"column":4},"end":{"line":834,"column":null}},"283":{"start":{"line":817,"column":21},"end":{"line":817,"column":38}},"284":{"start":{"line":818,"column":6},"end":{"line":833,"column":null}},"285":{"start":{"line":820,"column":25},"end":{"line":828,"column":11}},"286":{"start":{"line":820,"column":51},"end":{"line":828,"column":9}},"287":{"start":{"line":823,"column":45},"end":{"line":827,"column":13}},"288":{"start":{"line":830,"column":8},"end":{"line":830,"column":null}},"289":{"start":{"line":831,"column":8},"end":{"line":831,"column":null}},"290":{"start":{"line":832,"column":8},"end":{"line":832,"column":null}},"291":{"start":{"line":836,"column":4},"end":{"line":836,"column":null}},"292":{"start":{"line":838,"column":2},"end":{"line":838,"column":null}},"293":{"start":{"line":842,"column":39},"end":{"line":842,"column":55}},"294":{"start":{"line":845,"column":35},"end":{"line":849,"column":4}},"295":{"start":{"line":852,"column":16},"end":{"line":852,"column":37}},"296":{"start":{"line":855,"column":27},"end":{"line":855,"column":111}},"297":{"start":{"line":855,"column":55},"end":{"line":855,"column":88}},"298":{"start":{"line":856,"column":24},"end":{"line":856,"column":93}},"299":{"start":{"line":856,"column":62},"end":{"line":856,"column":92}},"300":{"start":{"line":859,"column":1},"end":{"line":869,"column":null}},"301":{"start":{"line":860,"column":4},"end":{"line":863,"column":null}},"302":{"start":{"line":861,"column":6},"end":{"line":861,"column":null}},"303":{"start":{"line":862,"column":6},"end":{"line":862,"column":null}},"304":{"start":{"line":864,"column":4},"end":{"line":868,"column":null}},"305":{"start":{"line":865,"column":6},"end":{"line":865,"column":null}},"306":{"start":{"line":867,"column":6},"end":{"line":867,"column":null}},"307":{"start":{"line":872,"column":18},"end":{"line":1080,"column":3}},"308":{"start":{"line":873,"column":38},"end":{"line":873,"column":90}},"309":{"start":{"line":875,"column":37},"end":{"line":875,"column":88}},"310":{"start":{"line":878,"column":34},"end":{"line":878,"column":58}},"311":{"start":{"line":879,"column":34},"end":{"line":879,"column":58}},"312":{"start":{"line":881,"column":47},"end":{"line":881,"column":112}},"313":{"start":{"line":884,"column":6},"end":{"line":884,"column":null}},"314":{"start":{"line":884,"column":29},"end":{"line":884,"column":null}},"315":{"start":{"line":885,"column":6},"end":{"line":885,"column":null}},"316":{"start":{"line":889,"column":6},"end":{"line":889,"column":null}},"317":{"start":{"line":889,"column":29},"end":{"line":889,"column":null}},"318":{"start":{"line":890,"column":6},"end":{"line":890,"column":null}},"319":{"start":{"line":895,"column":8},"end":{"line":895,"column":91}},"320":{"start":{"line":901,"column":8},"end":{"line":901,"column":89}},"321":{"start":{"line":906,"column":31},"end":{"line":906,"column":111}},"322":{"start":{"line":912,"column":8},"end":{"line":912,"column":91}},"323":{"start":{"line":918,"column":8},"end":{"line":918,"column":102}},"324":{"start":{"line":923,"column":39},"end":{"line":923,"column":107}},"325":{"start":{"line":928,"column":31},"end":{"line":928,"column":106}},"326":{"start":{"line":933,"column":31},"end":{"line":933,"column":101}},"327":{"start":{"line":939,"column":8},"end":{"line":939,"column":91}},"328":{"start":{"line":943,"column":46},"end":{"line":943,"column":102}},"329":{"start":{"line":945,"column":49},"end":{"line":945,"column":108}},"330":{"start":{"line":949,"column":33},"end":{"line":949,"column":77}},"331":{"start":{"line":949,"column":57},"end":{"line":949,"column":76}},"332":{"start":{"line":950,"column":8},"end":{"line":952,"column":null}},"333":{"start":{"line":951,"column":10},"end":{"line":951,"column":null}},"334":{"start":{"line":959,"column":8},"end":{"line":959,"column":98}},"335":{"start":{"line":965,"column":8},"end":{"line":965,"column":115}},"336":{"start":{"line":972,"column":8},"end":{"line":972,"column":94}},"337":{"start":{"line":978,"column":8},"end":{"line":978,"column":93}},"338":{"start":{"line":983,"column":31},"end":{"line":983,"column":112}},"339":{"start":{"line":988,"column":34},"end":{"line":988,"column":113}},"340":{"start":{"line":995,"column":8},"end":{"line":995,"column":97}},"341":{"start":{"line":1001,"column":8},"end":{"line":1001,"column":95}},"342":{"start":{"line":1006,"column":31},"end":{"line":1006,"column":114}},"343":{"start":{"line":1012,"column":8},"end":{"line":1012,"column":111}},"344":{"start":{"line":1019,"column":8},"end":{"line":1019,"column":92}},"345":{"start":{"line":1026,"column":8},"end":{"line":1033,"column":10}},"346":{"start":{"line":1039,"column":8},"end":{"line":1039,"column":101}},"347":{"start":{"line":1045,"column":8},"end":{"line":1045,"column":97}},"348":{"start":{"line":1052,"column":8},"end":{"line":1052,"column":111}},"349":{"start":{"line":1058,"column":8},"end":{"line":1058,"column":92}},"350":{"start":{"line":1063,"column":31},"end":{"line":1063,"column":111}},"351":{"start":{"line":1070,"column":8},"end":{"line":1070,"column":100}},"352":{"start":{"line":1077,"column":8},"end":{"line":1077,"column":101}},"353":{"start":{"line":1082,"column":2},"end":{"line":1099,"column":null}}},"fnMap":{"0":{"name":"(anonymous_0)","decl":{"start":{"line":21,"column":26},"end":{"line":21,"column":27}},"loc":{"start":{"line":21,"column":38},"end":{"line":23,"column":1}},"line":21},"1":{"name":"createInitialState","decl":{"start":{"line":80,"column":9},"end":{"line":80,"column":27}},"loc":{"start":{"line":80,"column":39},"end":{"line":87,"column":null}},"line":80},"2":{"name":"carouselReducer","decl":{"start":{"line":90,"column":9},"end":{"line":90,"column":24}},"loc":{"start":{"line":90,"column":40},"end":{"line":810,"column":null}},"line":90},"3":{"name":"(anonymous_3)","decl":{"start":{"line":138,"column":39},"end":{"line":138,"column":40}},"loc":{"start":{"line":138,"column":53},"end":{"line":146,"column":9}},"line":138},"4":{"name":"(anonymous_4)","decl":{"start":{"line":142,"column":40},"end":{"line":142,"column":41}},"loc":{"start":{"line":143,"column":14},"end":{"line":143,"column":null}},"line":143},"5":{"name":"(anonymous_5)","decl":{"start":{"line":152,"column":39},"end":{"line":152,"column":40}},"loc":{"start":{"line":152,"column":53},"end":{"line":160,"column":9}},"line":152},"6":{"name":"(anonymous_6)","decl":{"start":{"line":156,"column":40},"end":{"line":156,"column":41}},"loc":{"start":{"line":157,"column":14},"end":{"line":157,"column":null}},"line":157},"7":{"name":"(anonymous_7)","decl":{"start":{"line":166,"column":39},"end":{"line":166,"column":40}},"loc":{"start":{"line":166,"column":53},"end":{"line":174,"column":9}},"line":166},"8":{"name":"(anonymous_8)","decl":{"start":{"line":170,"column":40},"end":{"line":170,"column":41}},"loc":{"start":{"line":171,"column":14},"end":{"line":171,"column":null}},"line":171},"9":{"name":"(anonymous_9)","decl":{"start":{"line":180,"column":39},"end":{"line":180,"column":40}},"loc":{"start":{"line":180,"
[...]
e":324,"column":null}},{"start":{},"end":{}}],"line":322},"24":{"loc":{"start":{"line":333,"column":2},"end":{"line":333,"column":null}},"type":"if","locations":[{"start":{"line":333,"column":2},"end":{"line":333,"column":null}},{"start":{},"end":{}}],"line":333},"25":{"loc":{"start":{"line":351,"column":30},"end":{"line":351,"column":null}},"type":"binary-expr","locations":[{"start":{"line":351,"column":30},"end":{"line":351,"column":44}},{"start":{"line":351,"column":44},"end":{"line":351,"column":97}},{"start":{"line":351,"column":97},"end":{"line":351,"column":null}}],"line":351}},"s":{"0":6,"1":6,"2":0,"3":0,"4":0,"5":0,"6":6,"7":0,"8":0,"9":0,"10":0,"11":0,"12":0,"13":6,"14":0,"15":0,"16":0,"17":0,"18":0,"19":0,"20":0,"21":0,"22":0,"23":0,"24":0,"25":0,"26":0,"27":0,"28":0,"29":0,"30":6,"31":0,"32":0,"33":0,"34":0,"35":0,"36":0,"37":0,"38":0,"39":0,"40":0,"41":0,"42":0,"43":0,"44":0,"45":0,"46":0,"47":0,"48":0,"49":0,"50":0,"51":0,"52":0,"53":0,"54":0,"55":0,"56":0,"57":0,"58":0,"59":0,"60":0,"61":0,"62":0,"63":0,"64":0,"65":0,"66":0,"67":0,"68":0,"69":6,"70":0,"71":0,"72":0,"73":0,"74":0,"75":0,"76":0,"77":0,"78":0,"79":0,"80":0,"81":0,"82":0,"83":0,"84":0,"85":0,"86":0,"87":6,"88":0,"89":0,"90":0,"91":0,"92":0,"93":0,"94":6,"95":0,"96":0},"f":{"0":0,"1":0,"2":0,"3":0,"4":0,"5":0,"6":0,"7":0,"8":0,"9":0,"10":0,"11":0},"b":{"0":[0,0],"1":[0,0],"2":[0,0],"3":[0,0],"4":[0,0],"5":[0],"6":[0,0],"7":[0],"8":[0],"9":[0],"10":[0],"11":[0,0],"12":[0,0],"13":[0,0],"14":[0,0],"15":[0,0],"16":[0,0],"17":[0,0],"18":[0],"19":[0],"20":[0,0],"21":[0,0],"22":[0,0],"23":[0,0],"24":[0,0],"25":[0,0,0]},"meta":{"lastBranch":26,"lastFunction":12,"lastStatement":97,"seen":{"s:68:70:101:Infinity":0,"s:108:28:113:Infinity":1,"f:108:28:108:43":0,"s:109:17:109:Infinity":2,"s:110:2:110:Infinity":3,"s:111:2:111:Infinity":4,"s:112:2:112:Infinity":5,"s:118:18:125:Infinity":6,"f:118:18:118:19":1,"s:119:2:124:Infinity":7,"f:119:21:119:22":2,"s:120:16:120:Infinity":8,"s:121:4:121:Infinity":9,"f:121:17:121:23":3,"s:121:23:121:Infinity":10,"s:122:4:122:Infinity":11,"s:123:4:123:Infinity":12,"s:130:28:163:Infinity":13,"f:130:28:130:Infinity":4,"s:136:17:136:Infinity":14,"s:137:18:137:Infinity":15,"b:140:2:160:Infinity:undefined:undefined:undefined:undefined":0,"s:140:2:160:Infinity":16,"b:140:6:140:26:140:26:140:46":1,"s:141:24:141:Infinity":17,"b:143:4:149:Infinity:146:11:149:Infinity":2,"s:143:4:149:Infinity":18,"s:144:6:144:Infinity":19,"s:145:6:145:Infinity":20,"s:147:6:147:Infinity":21,"s:148:6:148:Infinity":22,"b:152:4:155:Infinity:undefined:undefined:undefined:undefined":3,"s:152:4:155:Infinity":23,"s:153:6:153:Infinity":24,"s:154:6:154:Infinity":25,"b:156:4:159:Infinity:undefined:undefined:undefined:undefined":4,"s:156:4:159:Infinity":26,"s:157:6:157:Infinity":27,"s:158:6:158:Infinity":28,"s:162:2:162:Infinity":29,"s:174:29:270:Infinity":30,"f:174:29:174:Infinity":5,"b:176:32:176:Infinity":5,"s:178:17:178:Infinity":31,"b:178:17:178:35:178:35:178:Infinity":6,"s:184:6:184:Infinity":32,"b:180:15:180:Infinity":7,"b:181:16:181:Infinity":8,"b:182:14:182:Infinity":9,"b:183:13:183:Infinity":10,"s:187:14:187:Infinity":33,"s:188:24:188:Infinity":34,"s:189:25:189:Infinity":35,"s:192:49:197:Infinity":36,"s:200:17:200:Infinity":37,"s:201:2:201:Infinity":38,"s:202:2:202:Infinity":39,"s:204:14:204:Infinity":40,"b:205:2:207:Infinity:undefined:undefined:undefined:undefined":11,"s:205:2:207:Infinity":41,"s:206:4:206:Infinity":42,"s:210:2:210:Infinity":43,"s:211:2:211:Infinity":44,"s:214:2:214:Infinity":45,"s:217:17:217:Infinity":46,"s:218:18:218:Infinity":47,"b:220:2:229:Infinity:223:2:229:Infinity":12,"s:220:2:229:Infinity":48,"b:220:6:220:27:220:27:220:44":13,"s:221:4:221:Infinity":49,"s:222:4:222:Infinity":50,"b:223:2:229:Infinity:226:2:229:Infinity":14,"s:223:2:229:Infinity":51,"b:223:13:223:34:223:34:223:52":15,"s:224:4:224:Infinity":52,"s:225:4:225:Infinity":53,"b:226:2:229:Infinity:undefined:undefined:undefined:undefined":16,"s:226:2:229:Infinity":54,"s:227:4:227:Infinity":55,"s:228:4:228:Infinity":56,"s:232:15:241:Infinity":57,"f:232:39:232:40":6,"s:233:4:240:Infinity":58,"f:234:6:234:7":7,"b:235:8:236:Infinity:236:13:236:Infinity":17,"s:235:8:236:Infinity":59,"s:235:15:235:Infinity":60,"s:236:13:236:Infinity":61,"s:244:2:244:Infinity":62,"s:247:23:247:Infinity":63,"s:248:18:248:Infinity":64,"s:251:23:251:Infinity":65,"s:252:25:252:Infinity":66,"s:253:18:253:Infinity":67,"s:255:2:269:Infinity":68,"s:280:30:327:Infinity":69,"f:280:30:280:Infinity":8,"b:282:32:282:Infinity":18,"b:283:40:283:Infinity":19,"s:285:20:285:Infinity":70,"s:286:39:286:Infinity":71,"s:288:2:320:Infinity":72,"s:288:15:288:18":73,"s:289:17:289:Infinity":74,"b:292:4:294:Infinity:undefined:undefined:undefined:undefined":20,"s:292:4:294:Infinity":75,"s:293:6:293:Infinity":76,"s:296:4:319:Infinity":77,"b:297:6:299:Infinity:undefined:undefined:undefined:undefined":21,"s:297:6:299:Infinity":78,"s:298:8:298:Infinity":79,"s:301:21:301:Infinity":80,"s:302:6:302:Infinity":81,"s:305:6:305:Infinity":82,"s:307:6:318:Infinity":83,"b:316:42:316:58:316:58:316:Infinity":22,"b:322:2:324:Infinity:undefined:undefined:undefined:undefined":23,"s:322:2:324:Infinity":84,"s:323:4:323:Infinity":85,"s:326:2:326:Infinity":86,"s:332:30:338:Infinity":87,"f:332:30:332:31":9,"b:333:2:333:Infinity:undefined:undefined:undefined:undefined":24,"s:333:2:333:Infinity":88,"s:333:19:333:Infinity":89,"s:334:12:334:Infinity":90,"s:335:16:335:Infinity":91,"s:336:12:336:Infinity":92,"s:337:2:337:Infinity":93,"s:349:28:354:Infinity":94,"f:349:28:349:29":10,"s:350:2:353:Infinity":95,"f:351:4:351:5":11,"s:351:21:351:Infinity":96,"b:351:30:351:44:351:44:351:97:351:97:351:Infinity":25}}}
,"/Users/gavinsmacbook/Developer/HTML Content Builder/src/utils/logger.ts": {"path":"/Users/gavinsmacbook/Developer/HTML Content Builder/src/utils/logger.ts","statementMap":{"0":{"start":{"line":32,"column":23},"end":{"line":32,"column":null}},"1":{"start":{"line":33,"column":25},"end":{"line":33,"column":null}},"2":{"start":{"line":42,"column":30},"end":{"line":94,"column":null}},"3":{"start":{"line":47,"column":4},"end":{"line":49,"column":null}},"4":{"start":{"line":48,"column":6},"end":{"line":48,"column":null}},"5":{"start":{"line":56,"column":4},"end":{"line":58,"column":null}},"6":{"start":{"line":57,"column":6},"end":{"line":57,"column":null}},"7":{"start":{"line":65,"column":4},"end":{"line":67,"column":null}},"8":{"start":{"line":66,"column":6},"end":{"line":66,"column":null}},"9":{"start":{"line":74,"column":4},"end":{"line":74,"column":null}},"10":{"start":{"line":81,"column":4},"end":{"line":83,"column":null}},"11":{"start":{"line":82,"column":6},"end":{"line":82,"column":null}},"12":{"start":{"line":90,"column":4},"end":{"line":92,"column":null}},"13":{"start":{"line":91,"column":6},"end":{"line":91,"column":null}}},"fnMap":{"0":{"name":"(anonymous_0)","decl":{"start":{"line":46,"column":7},"end":{"line":46,"column":11}},"loc":{"start":{"line":46,"column":37},"end":{"line":50,"column":null}},"line":46},"1":{"name":"(anonymous_1)","decl":{"start":{"line":55,"column":8},"end":{"line":55,"column":12}},"loc":{"start":{"line":55,"column":38},"end":{"line":59,"column":null}},"line":55},"2":{"name":"(anonymous_2)","decl":{"start":{"line":64,"column":8},"end":{"line":64,"column":12}},"loc":{"start":{"line":64,"column":38},"end":{"line":68,"column":null}},"line":64},"3":{"name":"(anonymous_3)","decl":{"start":{"line":73,"column":9},"end":{"line":73,"column":13}},"loc":{"start":{"line":73,"column":39},"end":{"line":75,"column":null}},"line":73},"4":{"name":"(anonymous_4)","decl":{"start":{"line":80,"column":9},"end":{"line":80,"column":10}},"loc":{"start":{"line":80,"column":34},"end":{"line":84,"column":null}},"line":80},"5":{"name":"(anonymous_5)","decl":{"start":{"line":89,"column":12},"end":{"line":89,"column":24}},"loc":{"start":{"line":89,"column":24},"end":{"line":93,"column":null}},"line":89}},"branchMap":{"0":{"loc":{"start":{"line":47,"column":4},"end":{"line":49,"column":null}},"type":"if","locations":[{"start":{"line":47,"column":4},"end":{"line":49,"column":null}},{"start":{},"end":{}}],"line":47},"1":{"loc":{"start":{"line":47,"column":8},"end":{"line":47,"column":26}},"type":"binary-expr","locations":[{"start":{"line":47,"column":8},"end":{"line":47,"column":17}},{"start":{"line":47,"column":17},"end":{"line":47,"column":26}}],"line":47},"2":{"loc":{"start":{"line":56,"column":4},"end":{"line":58,"column":null}},"type":"if","locations":[{"start":{"line":56,"column":4},"end":{"line":58,"column":null}},{"start":{},"end":{}}],"line":56},"3":{"loc":{"start":{"line":56,"column":8},"end":{"line":56,"column":26}},"type":"binary-expr","locations":[{"start":{"line":56,"column":8},"end":{"line":56,"column":17}},{"start":{"line":56,"column":17},"end":{"line":56,"column":26}}],"line":56},"4":{"loc":{"start":{"line":65,"column":4},"end":{"line":67,"column":null}},"type":"if","locations":[{"start":{"line":65,"column":4},"end":{"line":67,"column":null}},{"start":{},"end":{}}],"line":65},"5":{"loc":{"start":{"line":65,"column":8},"end":{"line":65,"column":26}},"type":"binary-expr","locations":[{"start":{"line":65,"column":8},"end":{"line":65,"column":17}},{"start":{"line":65,"column":17},"end":{"line":65,"column":26}}],"line":65},"6":{"loc":{"start":{"line":81,"column":4},"end":{"line":83,"column":null}},"type":"if","locations":[{"start":{"line":81,"column":4},"end":{"line":83,"column":null}},{"start":{},"end":{}}],"line":81},"7":{"loc":{"start":{"line":81,"column":8},"end":{"line":81,"column":26}},"type":"binary-expr","locations":[{"start":{"line":81,"column":8},"end":{"line":81,"column":17}},{"start":{"line":81,"column":17},"end":{"line":81,"column":26}}],"line":81},"8":{"loc":{"start":{"line":90,"column":4},"end":{"line":92,"column":null}},"type":"if","locations":[{"start":{"line":90,"column":4},"end":{"line":92,"column":null}},{"start":{},"end":{}}],"line":90},"9":{"loc":{"start":{"line":90,"column":8},"end":{"line":90,"column":26}},"type":"binary-expr","locations":[{"start":{"line":90,"column":8},"end":{"line":90,"column":17}},{"start":{"line":90,"column":17},"end":{"line":90,"column":26}}],"line":90}},"s":{"0":6,"1":6,"2":6,"3":45,"4":45,"5":0,"6":0,"7":11,"8":11,"9":2,"10":0,"11":0,"12":0,"13":0},"f":{"0":45,"1":0,"2":11,"3":2,"4":0,"5":0},"b":{"0":[45,0],"1":[45,0],"2":[0,0],"3":[0,0],"4":[11,0],"5":[11,0],"6":[0,0],"7":[0,0],"8":[0,0],"9":[0,0]},"meta":{"lastBranch":10,"lastFunction":6,"lastStatement":14,"seen":{"s:32:23:32:Infinity":0,"s:33:25:33:Infinity":1,"s:42:30:94:Infinity":2,"f:46:7:46:11":0,"b:47:4:49:Infinity:undefined:undefined:undefined:undefined":0,"s:47:4:49:Infinity":3,"b:47:8:47:17:47:17:47:26":1,"s:48:6:48:Infinity":4,"f:55:8:55:12":1,"b:56:4:58:Infinity:undefined:undefined:undefined:undefined":2,"s:56:4:58:Infinity":5,"b:56:8:56:17:56:17:56:26":3,"s:57:6:57:Infinity":6,"f:64:8:64:12":2,"b:65:4:67:Infinity:undefined:undefined:undefined:undefined":4,"s:65:4:67:Infinity":7,"b:65:8:65:17:65:17:65:26":5,"s:66:6:66:Infinity":8,"f:73:9:73:13":3,"s:74:4:74:Infinity":9,"f:80:9:80:10":4,"b:81:4:83:Infinity:undefined:undefined:undefined:undefined":6,"s:81:4:83:Infinity":10,"b:81:8:81:17:81:17:81:26":7,"s:82:6:82:Infinity":11,"f:89:12:89:24":5,"b:90:4:92:Infinity:undefined:undefined:undefined:undefined":8,"s:90:4:92:Infinity":12,"b:90:8:90:17:90:17:90:26":9,"s:91:6:91:Infinity":13}}}
,"/Users/gavinsmacbook/Developer/HTML Content Builder/src/utils/undoable.ts": {"path":"/Users/gavinsmacbook/Developer/HTML Content Builder/src/utils/undoable.ts","statementMap":{"0":{"start":{"line":44,"column":20},"end":{"line":44,"column":null}},"1":{"start":{"line":45,"column":20},"end":{"line":45,"column":null}},"2":{"start":{"line":46,"column":29},"end":{"line":46,"column":null}},"3":{"start":{"line":50,"column":65},"end":{"line":57,"column":null}},"4":{"start":{"line":52,"column":16},"end":{"line":52,"column":null}},"5":{"start":{"line":71,"column":23},"end":{"line":71,"column":null}},"6":{"start":{"line":72,"column":66},"end":{"line":72,"column":null}},"7":{"start":{"line":75,"column":48},"end":{"line":79,"column":null}},"8":{"start":{"line":81,"column":2},"end":{"line":156,"column":null}},"9":{"start":{"line":85,"column":48},"end":{"line":85,"column":null}},"10":{"start":{"line":87,"column":4},"end":{"line":155,"column":null}},"11":{"start":{"line":90,"column":8},"end":{"line":92,"column":null}},"12":{"start":{"line":91,"column":10},"end":{"line":91,"column":null}},"13":{"start":{"line":94,"column":25},"end":{"line":94,"column":null}},"14":{"start":{"line":95,"column":24},"end":{"line":95,"column":null}},"15":{"start":{"line":97,"column":8},"end":{"line":101,"column":null}},"16":{"start":{"line":106,"column":8},"end":{"line":108,"column":null}},"17":{"start":{"line":107,"column":10},"end":{"line":107,"column":null}},"18":{"start":{"line":110,"column":21},"end":{"line":110,"column":null}},"19":{"start":{"line":111,"column":26},"end":{"line":111,"column":null}},"20":{"start":{"line":113,"column":8},"end":{"line":117,"column":null}},"21":{"start":{"line":121,"column":8},"end":{"line":125,"column":null}},"22":{"start":{"line":130,"column":27},"end":{"line":130,"column":null}},"23":{"start":{"line":133,"column":8},"end":{"line":135,"column":null}},"24":{"start":{"line":134,"column":10},"end":{"line":134,"column":null}},"25":{"start":{"line":138,"column":28},"end":{"line":138,"column":null}},"26":{"start":{"line":140,"column":8},"end":{"line":146,"column":null}},"27":{"start":{"line":142,"column":10},"end":{"line":145,"column":null}},"28":{"start":{"line":149,"column":8},"end":{"line":153,"column":null}},"29":{"start":{"line":167,"column":2},"end":{"line":167,"column":null}},"30":{"start":{"line":176,"column":2},"end":{"line":176,"column":null}},"31":{"start":{"line":187,"column":2},"end":{"line":190,"column":null}}},"fnMap":{"0":{"name":"(anonymous_0)","decl":{"start":{"line":52,"column":10},"end":{"line":52,"column":16}},"loc":{"start":{"line":52,"column":16},"end":{"line":52,"column":null}},"line":52},"1":{"name":"undoable","decl":{"start":{"line":67,"column":16},"end":{"line":67,"column":null}},"loc":{"start":{"line":70,"column":72},"end":{"line":157,"column":null}},"line":70},"2":{"name":"undoableReducer","decl":{"start":{"line":81,"column":18},"end":{"line":81,"column":null}},"loc":{"start":{"line":84,"column":22},"end":{"line":156,"column":null}},"line":84},"3":{"name":"canUndo","decl":{"start":{"line":166,"column":16},"end":{"line":166,"column":27}},"loc":{"start":{"line":166,"column":89},"end":{"line":168,"column":null}},"line":166},"4":{"name":"canRedo","decl":{"start":{"line":175,"column":16},"end":{"line":175,"column":27}},"loc":{"start":{"line":175,"column":89},"end":{"line":177,"column":null}},"line":175},"5":{"name":"getHistoryCounts","decl":{"start":{"line":184,"column":16},"end":{"line":184,"column":null}},"loc":{"start":{"line":186,"column":44},"end":{"line":191,"column":null}},"line":186}},"branchMap":{"0":{"loc":{"start":{"line":69,"column":2},"end":{"line":69,"column":null}},"type":"default-arg","locations":[{"start":{"line":69,"column":33},"end":{"line":69,"column":null}}],"line":69},"1":{"loc":{"start":{"line":82,"column":4},"end":{"line":82,"column":null}},"type":"default-arg","locations":[{"start":{"line":82,"column":30},"end":{"line":82,"column":null}}],"line":82},"2":{"loc":{"start":{"line":85,"column":12},"end":{"line":85,"column":23}},"type":"default-arg","locations":[{"start":{"line":85,"column":19},"end":{"line":85,"column":23}}],"line":85},"3":{"loc":{"start":{"line":85,"column":32},"end":{"line":85,"column":44}},"type":"default-arg","locations":[{"start":{"line":85,"column":41},"end":{"line":85,"column":44}}],"line":85},"4":{"loc":{"start":{"line":87,"column":4},"end":{"line":155,"column":null}},"type":"switch","locations":[{"start":{"line":88,"column":6},"end":{"line":102,"column":null}},{"start":{"line":104,"column":6},"end":{"line":118,"column":null}},{"start":{"line":120,"column":6},"end":{"line":126,"column":null}},{"start":{"line":128,"column":6},"end":{"line":154,"column":null}}],"line":87},"5":{"loc":{"start":{"line":90,"column":8},"end":{"line":92,"column":null}},"type":"if","locations":[{"start":{"line":90,"column":8},"end":{"line":92,"column":null}},{"start":{},"end":{}}],"line":90},"6":{"loc":{"start":{"line":106,"column":8},"end":{"line":108,"column":null}},"type":"if","locations":[{"start":{"line":106,"column":8},"end":{"line":108,"column":null}},{"start":{},"end":{}}],"line":106},"7":{"loc":{"start":{"line":133,"column":8},"end":{"line":135,"column":null}},"type":"if","locations":[{"start":{"line":133,"column":8},"end":{"line":135,"column":null}},{"start":{},"end":{}}],"line":133},"8":{"loc":{"start":{"line":140,"column":8},"end":{"line":146,"column":null}},"type":"if","locations":[{"start":{"line":140,"column":8},"end":{"line":146,"column":null}},{"start":{},"end":{}}],"line":140},"9":{"loc":{"start":{"line":167,"column":17},"end":{"line":167,"column":52}},"type":"binary-expr","locations":[{"start":{"line":167,"column":17},"end":{"line":167,"column":31}},{"start":{"line":167,"column":31},"end":{"line":167,"column":52}}],"line":167},"10":{"loc":{"start":{"line":176,"column":17},"end":{"line":176,"column":56}},"type":"binary-expr","locations":[{"start":{"line":176,"column":17},"end":{"line":176,"column":33}},{"start":{"line":176,"column":33},"end":{"line":176,"column":56}}],"line":176},"11":{"loc":{"start":{"line":188,"column":15},"end":{"line":188,"column":null}},"type":"binary-expr","locations":[{"start":{"line":188,"column":15},"end":{"line":188,"column":37}},{"start":{"line":188,"column":37},"end":{"line":188,"column":null}}],"line":188},"12":{"loc":{"start":{"line":189,"column":15},"end":{"line":189,"column":null}},"type":"binary-expr","locations":[{"start":{"line":189,"column":15},"end":{"line":189,"column":39}},{"start":{"line":189,"column":39},"end":{"line":189,"column":null}}],"line":189}},"s":{"0":7,"1":7,"2":7,"3":7,"4":12,"5":17,"6":17,"7":17,"8":17,"9":75,"10":75,"11":11,"12":1,"13":10,"14":10,"15":10,"16":5,"17":1,"18":4,"19":4,"20":4,"21":1,"22":58,"23":58,"24":4,"25":54,"26":54,"27":13,"28":41,"29":121,"30":121,"31":2},"f":{"0":12,"1":17,"2":75,"3":121,"4":121,"5":2},"b":{"0":[17],"1":[75],"2":[75],"3":[75],"4":[11,5,1,58],"5":[1,10],"6":[1,4],"7":[4,54],"8":[13,41],"9":[121,119],"10":[121,119],"11":[2,1],"12":[2,1]},"meta":{"lastBranch":13,"lastFunction":6,"lastStatement":32,"seen":{"s:44:20:44:Infinity":0,"s:45:20:45:Infinity":1,"s:46:29:46:Infinity":2,"s:50:65:57:Infinity":3,"f:52:10:52:16":0,"s:52:16:52:Infinity":4,"f:67:16:67:Infinity":1,"b:69:33:69:Infinity":0,"s:71:23:71:Infinity":5,"s:72:66:72:Infinity":6,"s:75:48:79:Infinity":7,"s:81:2:156:Infinity":8,"f:81:18:81:Infinity":2,"b:82:30:82:Infinity":1,"s:85:48:85:Infinity":9,"b:85:19:85:23":2,"b:85:41:85:44":3,"b:88:6:102:Infinity:104:6:118:Infinity:120:6:126:Infinity:128:6:154:Infinity":4,"s:87:4:155:Infinity":10,"b:90:8:92:Infinity:undefined:undefined:undefined:undefined":5,"s:90:8:92:Infinity":11,"s:91:10:91:Infinity":12,"s:94:25:94:Infinity":13,"s:95:24:95:Infinity":14,"s:97:8:101:Infinity":15,"b:106:8:108:Infinity:undefined:undefined:undefined:undefined":6,"s:106:8:108:Infinity":16,"s:107:10:107:Infinity":17,"s:110:21:110:Infinity":18,"s:111:26:111:Infinity":19,"s:113:8:117:Infinity":20,"s:121:8:125:Infinity":21,"s:130:27:130:Infinity":22,"b:133:8:135:Infinity:undefined:undefined:undefined:undefined":7,"s:133:8:135:Infinity":23,"s:134:10:134:Infinity":24,"s:138:28:138:Infinity":25,"b:140:8:146:Infinity:undefined:undefined:undefined:undefined":8,"s:140:8:146:Infinity":26,"s:142:10:145:Infinity":27,"s:149:8:153:Infinity":28,"f:166:16:166:27":3,"s:167:2:167:Infinity":29,"b:167:17:167:31:167:31:167:52":9,"f:175:16:175:27":4,"s:176:2:176:Infinity":30,"b:176:17:176:33:176:33:176:56":10,"f:184:16:184:Infinity":5,"s:187:2:190:Infinity":31,"b:188:15:188:37:188:37:188:Infinity":11,"b:189:15:189:39:189:39:189:Infinity":12}}}
}
