TN:
SF:src/components/ui/Badge.jsx
FN:12,(anonymous_0)
FNF:1
FNH:1
FNDA:15,(anonymous_0)
DA:12,1
DA:13,15
DA:19,15
DA:29,15
DA:35,15
DA:52,1
LF:6
LH:6
BRDA:12,0,0,15
BRDA:12,1,0,15
BRDA:12,2,0,15
BRF:3
BRH:3
end_of_record
TN:
SF:src/components/ui/Button.jsx
FN:12,(anonymous_0)
FNF:1
FNH:1
FNDA:14,(anonymous_0)
DA:12,1
DA:21,14
DA:29,14
DA:56,14
DA:63,14
DA:65,14
DA:67,14
DA:88,1
LF:8
LH:8
BRDA:13,0,0,14
BRDA:14,1,0,14
BRDA:15,2,0,14
BRDA:16,3,0,14
BRDA:18,4,0,14
BRDA:63,5,0,2
BRDA:63,5,1,12
BRDA:65,6,0,1
BRDA:65,6,1,13
BRF:9
BRH:9
end_of_record
TN:
SF:src/components/ui/Chip.jsx
FN:13,(anonymous_0)
FN:59,(anonymous_1)
FNF:2
FNH:2
FNDA:14,(anonymous_0)
FNDA:4,(anonymous_1)
DA:13,1
DA:14,14
DA:23,14
DA:27,14
DA:33,14
DA:35,14
DA:59,1
DA:60,4
DA:65,1
DA:80,1
LF:10
LH:10
BRDA:13,0,0,14
BRDA:13,1,0,14
BRDA:13,2,0,14
BRDA:13,3,0,14
BRDA:23,4,0,1
BRDA:23,4,1,13
BRDA:33,5,0,1
BRDA:33,5,1,13
BRDA:59,6,0,4
BRDA:59,7,0,4
BRDA:59,8,0,4
BRF:11
BRH:11
end_of_record
TN:
SF:src/components/ui/IconButton.jsx
FN:13,(anonymous_0)
FNF:1
FNH:1
FNDA:10,(anonymous_0)
DA:13,1
DA:25,10
DA:26,10
DA:34,10
DA:55,10
DA:63,10
DA:71,10
DA:73,10
DA:75,10
DA:99,1
LF:10
LH:10
BRDA:14,0,0,10
BRDA:15,1,0,10
BRDA:16,2,0,10
BRDA:17,3,0,10
BRDA:21,4,0,10
BRDA:25,5,0,10
BRDA:25,5,1,9
BRDA:71,6,0,1
BRDA:71,6,1,9
BRDA:73,7,0,1
BRDA:73,7,1,9
BRF:11
BRH:11
end_of_record
TN:
SF:src/components/ui/Input.jsx
FN:12,(anonymous_0)
FN:54,(anonymous_1)
FNF:2
FNH:2
FNDA:21,(anonymous_0)
FNDA:5,(anonymous_1)
DA:12,1
DA:13,21
DA:21,21
DA:28,21
DA:30,21
DA:32,21
DA:54,1
DA:55,5
DA:62,1
DA:75,1
LF:10
LH:10
BRDA:12,0,0,21
BRDA:12,1,0,21
BRDA:12,2,0,21
BRDA:12,3,0,21
BRDA:12,4,0,21
BRDA:28,5,0,2
BRDA:28,5,1,19
BRDA:30,6,0,1
BRDA:30,6,1,20
BRDA:54,7,0,5
BRDA:56,8,0,5
BRDA:56,8,1,2
BRDA:58,9,0,5
BRDA:58,9,1,2
BRF:14
BRH:14
end_of_record
TN:
SF:src/components/ui/Slider.jsx
FN:12,(anonymous_0)
FN:25,(anonymous_1)
FNF:2
FNH:2
FNDA:24,(anonymous_0)
FNDA:3,(anonymous_1)
DA:12,1
DA:25,24
DA:26,3
DA:29,24
DA:72,1
LF:5
LH:5
BRDA:15,0,0,24
BRDA:16,1,0,24
BRDA:17,2,0,24
BRDA:19,3,0,24
BRDA:20,4,0,24
BRDA:21,5,0,24
BRDA:22,6,0,24
BRDA:31,7,0,24
BRDA:31,7,1,2
BRDA:56,8,0,2
BRDA:56,8,1,22
BRDA:62,9,0,24
BRDA:62,9,1,23
BRF:13
BRH:13
end_of_record
TN:
SF:src/components/ui/Toast.jsx
FN:9,(anonymous_0)
FN:12,(anonymous_1)
FN:21,(anonymous_2)
FN:25,(anonymous_3)
FN:26,(anonymous_4)
FN:26,(anonymous_5)
FN:33,(anonymous_6)
FN:34,(anonymous_7)
FN:34,(anonymous_8)
FN:48,(anonymous_9)
FN:59,(anonymous_10)
FN:64,(anonymous_11)
FN:74,(anonymous_12)
FN:77,(anonymous_13)
FN:79,(anonymous_14)
FNF:15
FNH:10
FNDA:11,(anonymous_0)
FNDA:5,(anonymous_1)
FNDA:5,(anonymous_2)
FNDA:1,(anonymous_3)
FNDA:1,(anonymous_4)
FNDA:1,(anonymous_5)
FNDA:0,(anonymous_6)
FNDA:0,(anonymous_7)
FNDA:0,(anonymous_8)
FNDA:15,(anonymous_9)
FNDA:11,(anonymous_10)
FNDA:5,(anonymous_11)
FNDA:5,(anonymous_12)
FNDA:0,(anonymous_13)
FNDA:0,(anonymous_14)
DA:4,1
DA:9,1
DA:10,11
DA:12,11
DA:13,5
DA:14,5
DA:21,5
DA:24,5
DA:25,5
DA:26,1
DA:30,5
DA:33,11
DA:34,0
DA:37,11
DA:48,1
DA:49,15
DA:50,15
DA:51,4
DA:53,10
DA:59,1
DA:60,11
DA:62,4
DA:65,5
DA:74,1
DA:75,5
DA:77,5
DA:78,0
DA:79,0
DA:83,5
DA:116,5
LF:30
LH:27
BRDA:12,0,0,5
BRDA:17,1,0,5
BRDA:17,1,1,2
BRDA:18,2,0,5
BRDA:18,2,1,5
BRDA:24,3,0,5
BRDA:24,3,1,0
BRDA:50,4,0,4
BRDA:50,4,1,11
BRDA:60,5,0,7
BRDA:60,5,1,4
BRDA:123,6,0,0
BRDA:123,6,1,5
BRF:13
BRH:11
end_of_record
TN:
SF:src/config/constants.ts
FNF:0
FNH:0
DA:8,1
DA:21,1
DA:32,1
DA:46,1
DA:70,1
DA:83,1
DA:90,1
DA:97,1
DA:106,1
DA:114,1
LF:10
LH:10
BRF:0
BRH:0
end_of_record
TN:
SF:src/config/theme.ts
FNF:0
FNH:0
DA:12,1
DA:67,1
DA:100,1
DA:111,1
DA:126,1
DA:138,1
DA:148,1
DA:159,1
DA:169,1
DA:199,1
LF:10
LH:10
BRF:0
BRH:0
end_of_record
TN:
SF:src/data/brandIcons.ts
FN:141,(anonymous_0)
FN:144,(anonymous_1)
FN:145,(anonymous_2)
FNF:3
FNH:0
FNDA:0,(anonymous_0)
FNDA:0,(anonymous_1)
FNDA:0,(anonymous_2)
DA:18,2
DA:141,2
DA:144,2
DA:145,0
DA:148,2
LF:5
LH:4
BRF:0
BRH:0
end_of_record
TN:
SF:src/data/exportPresets.ts
FN:103,getPresetById
FN:104,(anonymous_1)
FN:110,getPresetsByPlatform
FN:111,(anonymous_3)
FNF:4
FNH:0
FNDA:0,getPresetById
FNDA:0,(anonymous_1)
FNDA:0,getPresetsByPlatform
FNDA:0,(anonymous_3)
DA:20,2
DA:91,2
DA:104,0
DA:111,0
LF:4
LH:2
BRF:0
BRH:0
end_of_record
TN:
SF:src/data/fontOptions.ts
FNF:0
FNH:0
DA:4,2
DA:17,2
DA:24,2
LF:3
LH:3
BRF:0
BRH:0
end_of_record
TN:
SF:src/data/frameSizes.ts
FN:144,getFrameSizesByCategory
FN:145,(anonymous_1)
FN:164,(anonymous_2)
FNF:3
FNH:0
FNDA:0,getFrameSizesByCategory
FNDA:0,(anonymous_1)
FNDA:0,(anonymous_2)
DA:7,2
DA:145,0
DA:149,2
DA:151,2
DA:164,2
DA:165,0
DA:166,0
DA:169,0
DA:170,0
DA:172,0
DA:174,0
DA:182,0
LF:12
LH:4
BRDA:165,0,0,0
BRDA:165,0,1,0
BRDA:166,1,0,0
BRDA:166,1,1,0
BRDA:172,2,0,0
BRDA:172,2,1,0
BRF:6
BRH:0
end_of_record
TN:
SF:src/data/gradients.ts
FN:167,(anonymous_0)
FN:167,(anonymous_1)
FN:170,(anonymous_2)
FN:170,(anonymous_3)
FN:173,(anonymous_4)
FN:173,(anonymous_5)
FN:176,(anonymous_6)
FN:177,(anonymous_7)
FNF:8
FNH:0
FNDA:0,(anonymous_0)
FNDA:0,(anonymous_1)
FNDA:0,(anonymous_2)
FNDA:0,(anonymous_3)
FNDA:0,(anonymous_4)
FNDA:0,(anonymous_5)
FNDA:0,(anonymous_6)
FNDA:0,(anonymous_7)
DA:19,2
DA:42,2
DA:59,2
DA:63,2
DA:92,2
DA:115,2
DA:143,2
DA:157,2
DA:167,2
DA:170,2
DA:173,2
DA:176,2
DA:177,0
LF:13
LH:12
BRF:0
BRH:0
end_of_record
TN:
SF:src/data/initialCarousels.ts
FN:359,(anonymous_0)
FNF:1
FNH:0
FNDA:0,(anonymous_0)
DA:4,2
DA:359,2
DA:361,0
DA:364,0
DA:372,0
LF:5
LH:2
BRF:0
BRH:0
end_of_record
TN:
SF:src/data/initialEblasts.ts
FN:101,createEmptyEblast
FN:133,getEblastSectionStyle
FNF:2
FNH:0
FNDA:0,createEmptyEblast
FNDA:0,getEblastSectionStyle
DA:7,2
DA:102,0
DA:134,0
DA:135,0
DA:137,0
DA:169,0
LF:6
LH:1
BRDA:169,0,0,0
BRDA:169,0,1,0
BRF:2
BRH:0
end_of_record
TN:
SF:src/data/initialSingleImages.ts
FN:240,createEmptySingleImage
FNF:1
FNH:0
FNDA:0,createEmptySingleImage
DA:16,2
DA:86,2
DA:115,2
DA:241,0
LF:4
LH:3
BRF:0
BRH:0
end_of_record
TN:
SF:src/data/initialVideoCovers.ts
FN:34,createEmptyVideoCover
FN:61,getVideoCoverStyle
FNF:2
FNH:0
FNDA:0,createEmptyVideoCover
FNDA:0,getVideoCoverStyle
DA:7,2
DA:35,0
DA:62,0
DA:63,0
DA:65,0
DA:92,0
LF:6
LH:1
BRDA:92,0,0,0
BRDA:92,0,1,0
BRF:2
BRH:0
end_of_record
TN:
SF:src/data/patterns.ts
FN:30,(anonymous_0)
FN:457,(anonymous_1)
FN:457,(anonymous_2)
FN:459,(anonymous_3)
FN:460,(anonymous_4)
FN:465,(anonymous_5)
FNF:6
FNH:4
FNDA:36,(anonymous_0)
FNDA:2,(anonymous_1)
FNDA:72,(anonymous_2)
FNDA:0,(anonymous_3)
FNDA:0,(anonymous_4)
FNDA:2,(anonymous_5)
DA:30,36
DA:33,2
DA:34,2
DA:35,2
DA:38,2
DA:108,2
DA:156,2
DA:204,2
DA:271,2
DA:441,2
DA:449,2
DA:457,72
DA:459,2
DA:460,0
DA:465,2
DA:466,2
DA:467,2
DA:469,0
LF:18
LH:16
BRDA:467,0,0,2
BRDA:467,0,1,0
BRF:2
BRH:1
end_of_record
TN:
SF:src/hooks/useCarousels.js
FN:21,(anonymous_0)
FN:80,createInitialState
FN:90,carouselReducer
FN:138,(anonymous_3)
FN:142,(anonymous_4)
FN:152,(anonymous_5)
FN:156,(anonymous_6)
FN:166,(anonymous_7)
FN:170,(anonymous_8)
FN:180,(anonymous_9)
FN:184,(anonymous_10)
FN:200,(anonymous_11)
FN:204,(anonymous_12)
FN:226,(anonymous_13)
FN:246,(anonymous_14)
FN:258,(anonymous_15)
FN:262,(anonymous_16)
FN:263,(anonymous_17)
FN:272,(anonymous_18)
FN:280,(anonymous_19)
FN:282,(anonymous_20)
FN:325,(anonymous_21)
FN:335,(anonymous_22)
FN:343,(anonymous_23)
FN:347,(anonymous_24)
FN:361,(anonymous_25)
FN:372,(anonymous_26)
FN:419,(anonymous_27)
FN:423,(anonymous_28)
FN:435,(anonymous_29)
FN:439,(anonymous_30)
FN:455,(anonymous_31)
FN:459,(anonymous_32)
FN:476,(anonymous_33)
FN:478,(anonymous_34)
FN:498,(anonymous_35)
FN:502,(anonymous_36)
FN:514,(anonymous_37)
FN:518,(anonymous_38)
FN:534,(anonymous_39)
FN:538,(anonymous_40)
FN:556,(anonymous_41)
FN:566,(anonymous_42)
FN:593,(anonymous_43)
FN:597,(anonymous_44)
FN:643,(anonymous_45)
FN:647,(anonymous_46)
FN:659,(anonymous_47)
FN:663,(anonymous_48)
FN:679,(anonymous_49)
FN:683,(anonymous_50)
FN:711,(anonymous_51)
FN:715,(anonymous_52)
FN:727,(anonymous_53)
FN:731,(anonymous_54)
FN:747,(anonymous_55)
FN:751,(anonymous_56)
FN:767,(anonymous_57)
FN:771,(anonymous_58)
FN:795,(anonymous_59)
FN:799,(anonymous_60)
FN:813,loadFromStorage
FN:820,(anonymous_62)
FN:823,(anonymous_63)
FN:841,useCarousels
FN:855,(anonymous_65)
FN:856,(anonymous_66)
FN:859,(anonymous_67)
FN:873,(anonymous_68)
FN:875,(anonymous_69)
FN:878,(anonymous_70)
FN:879,(anonymous_71)
FN:881,(anonymous_72)
FN:883,(anonymous_73)
FN:888,(anonymous_74)
FN:894,(anonymous_75)
FN:900,(anonymous_76)
FN:906,(anonymous_77)
FN:911,(anonymous_78)
FN:917,(anonymous_79)
FN:923,(anonymous_80)
FN:928,(anonymous_81)
FN:933,(anonymous_82)
FN:938,(anonymous_83)
FN:943,(anonymous_84)
FN:945,(anonymous_85)
FN:948,(anonymous_86)
FN:949,(anonymous_87)
FN:958,(anonymous_88)
FN:964,(anonymous_89)
FN:971,(anonymous_90)
FN:977,(anonymous_91)
FN:983,(anonymous_92)
FN:988,(anonymous_93)
FN:994,(anonymous_94)
FN:1000,(anonymous_95)
FN:1006,(anonymous_96)
FN:1011,(anonymous_97)
FN:1018,(anonymous_98)
FN:1025,(anonymous_99)
FN:1038,(anonymous_100)
FN:1044,(anonymous_101)
FN:1051,(anonymous_102)
FN:1057,(anonymous_103)
FN:1063,(anonymous_104)
FN:1069,(anonymous_105)
FN:1076,(anonymous_106)
FNF:107
FNH:69
FNDA:39,(anonymous_0)
FNDA:114,createInitialState
FNDA:41,carouselReducer
FNDA:1,(anonymous_3)
FNDA:2,(anonymous_4)
FNDA:1,(anonymous_5)
FNDA:2,(anonymous_6)
FNDA:3,(anonymous_7)
FNDA:6,(anonymous_8)
FNDA:4,(anonymous_9)
FNDA:8,(anonymous_10)
FNDA:1,(anonymous_11)
FNDA:2,(anonymous_12)
FNDA:1,(anonymous_13)
FNDA:3,(anonymous_14)
FNDA:4,(anonymous_15)
FNDA:6,(anonymous_16)
FNDA:3,(anonymous_17)
FNDA:1,(anonymous_18)
FNDA:0,(anonymous_19)
FNDA:0,(anonymous_20)
FNDA:2,(anonymous_21)
FNDA:0,(anonymous_22)
FNDA:1,(anonymous_23)
FNDA:2,(anonymous_24)
FNDA:1,(anonymous_25)
FNDA:2,(anonymous_26)
FNDA:3,(anonymous_27)
FNDA:6,(anonymous_28)
FNDA:1,(anonymous_29)
FNDA:2,(anonymous_30)
FNDA:1,(anonymous_31)
FNDA:2,(anonymous_32)
FNDA:0,(anonymous_33)
FNDA:0,(anonymous_34)
FNDA:0,(anonymous_35)
FNDA:0,(anonymous_36)
FNDA:0,(anonymous_37)
FNDA:0,(anonymous_38)
FNDA:0,(anonymous_39)
FNDA:0,(anonymous_40)
FNDA:0,(anonymous_41)
FNDA:0,(anonymous_42)
FNDA:0,(anonymous_43)
FNDA:0,(anonymous_44)
FNDA:0,(anonymous_45)
FNDA:0,(anonymous_46)
FNDA:0,(anonymous_47)
FNDA:0,(anonymous_48)
FNDA:0,(anonymous_49)
FNDA:0,(anonymous_50)
FNDA:1,(anonymous_51)
FNDA:2,(anonymous_52)
FNDA:0,(anonymous_53)
FNDA:0,(anonymous_54)
FNDA:0,(anonymous_55)
FNDA:0,(anonymous_56)
FNDA:1,(anonymous_57)
FNDA:2,(anonymous_58)
FNDA:1,(anonymous_59)
FNDA:2,(anonymous_60)
FNDA:114,loadFromStorage
FNDA:45,(anonymous_62)
FNDA:88,(anonymous_63)
FNDA:114,useCarousels
FNDA:117,(anonymous_65)
FNDA:224,(anonymous_66)
FNDA:101,(anonymous_67)
FNDA:1,(anonymous_68)
FNDA:1,(anonymous_69)
FNDA:2,(anonymous_70)
FNDA:1,(anonymous_71)
FNDA:1,(anonymous_72)
FNDA:4,(anonymous_73)
FNDA:4,(anonymous_74)
FNDA:1,(anonymous_75)
FNDA:1,(anonymous_76)
FNDA:3,(anonymous_77)
FNDA:4,(anonymous_78)
FNDA:1,(anonymous_79)
FNDA:1,(anonymous_80)
FNDA:1,(anonymous_81)
FNDA:4,(anonymous_82)
FNDA:0,(anonymous_83)
FNDA:1,(anonymous_84)
FNDA:2,(anonymous_85)
FNDA:0,(anonymous_86)
FNDA:0,(anonymous_87)
FNDA:1,(anonymous_88)
FNDA:1,(anonymous_89)
FNDA:3,(anonymous_90)
FNDA:1,(anonymous_91)
FNDA:1,(anonymous_92)
FNDA:0,(anonymous_93)
FNDA:1,(anonymous_94)
FNDA:0,(anonymous_95)
FNDA:0,(anonymous_96)
FNDA:0,(anonymous_97)
FNDA:0,(anonymous_98)
FNDA:0,(anonymous_99)
FNDA:0,(anonymous_100)
FNDA:0,(anonymous_101)
FNDA:1,(anonymous_102)
FNDA:0,(anonymous_103)
FNDA:0,(anonymous_104)
FNDA:1,(anonymous_105)
FNDA:1,(anonymous_106)
DA:8,1
DA:11,1
DA:21,1
DA:22,39
DA:26,1
DA:32,1
DA:81,114
DA:91,41
DA:93,0
DA:96,4
DA:97,4
DA:99,4
DA:101,4
DA:102,3
DA:103,1
DA:104,1
DA:105,0
DA:106,0
DA:108,0
DA:113,4
DA:114,4
DA:116,4
DA:117,4
DA:126,1
DA:129,1
DA:133,1
DA:136,1
DA:139,1
DA:140,1
DA:143,2
DA:150,1
DA:153,1
DA:154,1
DA:157,2
DA:164,3
DA:167,3
DA:168,3
DA:171,6
DA:178,4
DA:181,4
DA:182,4
DA:185,8
DA:186,4
DA:187,4
DA:191,4
DA:198,1
DA:201,1
DA:202,1
DA:205,2
DA:206,1
DA:207,1
DA:208,1
DA:209,2
DA:210,2
DA:217,2
DA:224,1
DA:227,1
DA:228,1
DA:229,1
DA:230,1
DA:244,1
DA:245,1
DA:246,3
DA:247,1
DA:254,4
DA:255,4
DA:259,4
DA:260,4
DA:261,3
DA:262,6
DA:263,3
DA:264,3
DA:270,1
DA:273,1
DA:278,0
DA:281,0
DA:282,0
DA:286,0
DA:291,1
DA:292,1
DA:312,1
DA:313,1
DA:314,1
DA:318,2
DA:319,1
DA:320,1
DA:325,2
DA:331,0
DA:332,0
DA:333,0
DA:335,0
DA:340,1
DA:341,1
DA:344,1
DA:345,1
DA:348,2
DA:358,1
DA:359,1
DA:362,1
DA:363,1
DA:364,1
DA:367,1
DA:368,1
DA:370,1
DA:374,2
DA:375,0
DA:379,2
DA:384,2
DA:386,2
DA:404,3
DA:405,3
DA:417,3
DA:420,3
DA:421,3
DA:424,6
DA:432,1
DA:433,1
DA:436,1
DA:437,1
DA:440,2
DA:441,1
DA:452,1
DA:453,1
DA:456,1
DA:457,1
DA:460,2
DA:461,1
DA:462,1
DA:471,0
DA:472,0
DA:474,0
DA:476,0
DA:479,0
DA:480,0
DA:492,1
DA:493,1
DA:494,1
DA:496,0
DA:499,0
DA:500,0
DA:503,0
DA:511,0
DA:512,0
DA:515,0
DA:516,0
DA:519,0
DA:520,0
DA:531,0
DA:532,0
DA:535,0
DA:536,0
DA:539,0
DA:540,0
DA:541,0
DA:550,0
DA:551,0
DA:552,0
DA:554,0
DA:557,0
DA:558,0
DA:559,0
DA:561,0
DA:562,0
DA:564,0
DA:567,0
DA:568,0
DA:571,0
DA:573,0
DA:590,0
DA:591,0
DA:594,0
DA:595,0
DA:598,0
DA:599,0
DA:613,0
DA:618,0
DA:620,0
DA:622,0
DA:623,0
DA:625,0
DA:626,0
DA:628,0
DA:631,0
DA:641,0
DA:644,0
DA:645,0
DA:648,0
DA:656,0
DA:657,0
DA:660,0
DA:661,0
DA:664,0
DA:665,0
DA:676,0
DA:677,0
DA:680,0
DA:681,0
DA:684,0
DA:685,0
DA:686,0
DA:696,1
DA:698,1
DA:709,1
DA:712,1
DA:713,1
DA:716,2
DA:724,0
DA:725,0
DA:728,0
DA:729,0
DA:732,0
DA:733,0
DA:744,0
DA:745,0
DA:748,0
DA:749,0
DA:752,0
DA:753,0
DA:754,0
DA:764,1
DA:765,1
DA:768,1
DA:769,1
DA:772,2
DA:773,1
DA:792,1
DA:793,1
DA:796,1
DA:797,1
DA:800,2
DA:808,0
DA:814,114
DA:815,114
DA:816,114
DA:817,44
DA:818,44
DA:820,45
DA:823,88
DA:830,44
DA:831,44
DA:832,44
DA:836,0
DA:838,70
DA:842,114
DA:845,114
DA:852,114
DA:855,117
DA:856,224
DA:859,114
DA:860,101
DA:861,35
DA:862,35
DA:864,66
DA:865,66
DA:867,0
DA:872,114
DA:873,1
DA:875,1
DA:878,2
DA:879,1
DA:881,1
DA:884,4
DA:885,4
DA:889,4
DA:890,4
DA:895,1
DA:901,1
DA:906,3
DA:912,4
DA:918,1
DA:923,1
DA:928,1
DA:933,4
DA:939,0
DA:943,1
DA:945,2
DA:949,0
DA:950,0
DA:951,0
DA:959,1
DA:965,1
DA:972,3
DA:978,1
DA:983,1
DA:988,0
DA:995,1
DA:1001,0
DA:1006,0
DA:1012,0
DA:1019,0
DA:1026,0
DA:1039,0
DA:1045,0
DA:1052,1
DA:1058,0
DA:1063,0
DA:1070,1
DA:1077,1
DA:1082,114
LF:299
LH:187
BRDA:91,0,0,0
BRDA:91,0,1,4
BRDA:91,0,2,4
BRDA:91,0,3,1
BRDA:91,0,4,1
BRDA:91,0,5,1
BRDA:91,0,6,1
BRDA:91,0,7,1
BRDA:91,0,8,3
BRDA:91,0,9,4
BRDA:91,0,10,1
BRDA:91,0,11,1
BRDA:91,0,12,4
BRDA:91,0,13,1
BRDA:91,0,14,0
BRDA:91,0,15,1
BRDA:91,0,16,2
BRDA:91,0,17,0
BRDA:91,0,18,1
BRDA:91,0,19,1
BRDA:91,0,20,3
BRDA:91,0,21,1
BRDA:91,0,22,1
BRDA:91,0,23,0
BRDA:91,0,24,1
BRDA:91,0,25,0
BRDA:91,0,26,0
BRDA:91,0,27,0
BRDA:91,0,28,0
BRDA:91,0,29,0
BRDA:91,0,30,0
BRDA:91,0,31,0
BRDA:91,0,32,1
BRDA:91,0,33,0
BRDA:91,0,34,0
BRDA:91,0,35,1
BRDA:91,0,36,1
BRDA:91,0,37,0
BRDA:97,1,0,4
BRDA:97,1,1,4
BRDA:99,2,0,4
BRDA:99,2,1,4
BRDA:99,2,2,1
BRDA:101,3,0,3
BRDA:101,3,1,1
BRDA:103,4,0,1
BRDA:103,4,1,0
BRDA:103,5,0,1
BRDA:103,5,1,1
BRDA:105,6,0,0
BRDA:105,6,1,0
BRDA:114,7,0,4
BRDA:114,7,1,0
BRDA:116,8,0,0
BRDA:116,8,1,4
BRDA:116,9,0,4
BRDA:116,9,1,0
BRDA:139,10,0,0
BRDA:139,10,1,1
BRDA:143,11,0,1
BRDA:143,11,1,1
BRDA:153,12,0,0
BRDA:153,12,1,1
BRDA:157,13,0,1
BRDA:157,13,1,1
BRDA:167,14,0,0
BRDA:167,14,1,3
BRDA:171,15,0,3
BRDA:171,15,1,3
BRDA:171,16,0,3
BRDA:171,16,1,1
BRDA:181,17,0,0
BRDA:181,17,1,4
BRDA:185,18,0,4
BRDA:185,18,1,4
BRDA:201,19,0,0
BRDA:201,19,1,1
BRDA:205,20,0,1
BRDA:205,20,1,1
BRDA:208,21,0,1
BRDA:208,21,1,0
BRDA:209,22,0,2
BRDA:209,22,1,1
BRDA:227,23,0,0
BRDA:227,23,1,1
BRDA:228,24,0,0
BRDA:228,24,1,1
BRDA:229,25,0,1
BRDA:229,25,1,0
BRDA:240,26,0,1
BRDA:240,26,1,0
BRDA:254,27,0,4
BRDA:254,27,1,1
BRDA:257,28,0,1
BRDA:257,28,1,3
BRDA:259,29,0,0
BRDA:259,29,1,4
BRDA:260,30,0,1
BRDA:260,30,1,3
BRDA:273,31,0,1
BRDA:273,31,1,0
BRDA:281,32,0,0
BRDA:281,32,1,0
BRDA:318,33,0,1
BRDA:318,33,1,1
BRDA:322,34,0,0
BRDA:322,34,1,1
BRDA:323,35,0,0
BRDA:323,35,1,1
BRDA:324,36,0,0
BRDA:324,36,1,1
BRDA:332,37,0,0
BRDA:332,37,1,0
BRDA:335,38,0,0
BRDA:335,38,1,0
BRDA:344,39,0,0
BRDA:344,39,1,1
BRDA:348,40,0,1
BRDA:348,40,1,1
BRDA:358,41,0,1
BRDA:362,42,0,0
BRDA:362,42,1,1
BRDA:364,43,0,0
BRDA:364,43,1,1
BRDA:367,44,0,1
BRDA:367,44,1,0
BRDA:374,45,0,0
BRDA:374,45,1,2
BRDA:374,46,0,2
BRDA:374,46,1,2
BRDA:384,47,0,2
BRDA:384,47,1,0
BRDA:420,48,0,0
BRDA:420,48,1,3
BRDA:424,49,0,3
BRDA:424,49,1,3
BRDA:436,50,0,0
BRDA:436,50,1,1
BRDA:440,51,0,1
BRDA:440,51,1,1
BRDA:440,52,0,2
BRDA:440,52,1,1
BRDA:456,53,0,0
BRDA:456,53,1,1
BRDA:460,54,0,1
BRDA:460,54,1,1
BRDA:472,55,0,0
BRDA:472,55,1,0
BRDA:479,56,0,0
BRDA:479,56,1,0
BRDA:479,57,0,0
BRDA:479,57,1,0
BRDA:494,58,0,1
BRDA:494,58,1,0
BRDA:499,59,0,0
BRDA:499,59,1,0
BRDA:503,60,0,0
BRDA:503,60,1,0
BRDA:515,61,0,0
BRDA:515,61,1,0
BRDA:519,62,0,0
BRDA:519,62,1,0
BRDA:519,63,0,0
BRDA:519,63,1,0
BRDA:535,64,0,0
BRDA:535,64,1,0
BRDA:539,65,0,0
BRDA:539,65,1,0
BRDA:550,66,0,0
BRDA:552,67,0,0
BRDA:552,67,1,0
BRDA:557,68,0,0
BRDA:557,68,1,0
BRDA:559,69,0,0
BRDA:559,69,1,0
BRDA:561,70,0,0
BRDA:561,70,1,0
BRDA:567,71,0,0
BRDA:567,71,1,0
BRDA:567,72,0,0
BRDA:567,72,1,0
BRDA:594,73,0,0
BRDA:594,73,1,0
BRDA:598,74,0,0
BRDA:598,74,1,0
BRDA:601,75,0,0
BRDA:601,75,1,0
BRDA:602,76,0,0
BRDA:602,76,1,0
BRDA:620,77,0,0
BRDA:620,77,1,0
BRDA:620,78,0,0
BRDA:620,78,1,0
BRDA:623,79,0,0
BRDA:623,79,1,0
BRDA:623,80,0,0
BRDA:623,80,1,0
BRDA:626,81,0,0
BRDA:626,81,1,0
BRDA:626,82,0,0
BRDA:626,82,1,0
BRDA:644,83,0,0
BRDA:644,83,1,0
BRDA:648,84,0,0
BRDA:648,84,1,0
BRDA:660,85,0,0
BRDA:660,85,1,0
BRDA:664,86,0,0
BRDA:664,86,1,0
BRDA:664,87,0,0
BRDA:664,87,1,0
BRDA:680,88,0,0
BRDA:680,88,1,0
BRDA:684,89,0,0
BRDA:684,89,1,0
BRDA:712,90,0,0
BRDA:712,90,1,1
BRDA:716,91,0,1
BRDA:716,91,1,1
BRDA:728,92,0,0
BRDA:728,92,1,0
BRDA:732,93,0,0
BRDA:732,93,1,0
BRDA:732,94,0,0
BRDA:732,94,1,0
BRDA:748,95,0,0
BRDA:748,95,1,0
BRDA:752,96,0,0
BRDA:752,96,1,0
BRDA:768,97,0,0
BRDA:768,97,1,1
BRDA:772,98,0,1
BRDA:772,98,1,1
BRDA:779,99,0,1
BRDA:779,99,1,1
BRDA:796,100,0,0
BRDA:796,100,1,1
BRDA:800,101,0,1
BRDA:800,101,1,1
BRDA:816,102,0,44
BRDA:816,102,1,70
BRDA:818,103,0,44
BRDA:818,103,1,0
BRDA:818,104,0,44
BRDA:818,104,1,44
BRDA:823,105,0,45
BRDA:823,105,1,0
BRDA:825,106,0,88
BRDA:825,106,1,1
BRDA:826,107,0,88
BRDA:826,107,1,40
BRDA:855,108,0,114
BRDA:855,108,1,104
BRDA:860,109,0,35
BRDA:860,109,1,66
BRDA:884,110,0,0
BRDA:884,110,1,4
BRDA:889,111,0,0
BRDA:889,111,1,4
BRDA:923,112,0,1
BRDA:950,113,0,0
BRDA:950,113,1,0
BRF:262
BRH:125
end_of_record
TN:
SF:src/hooks/useDesignSystem.ts
FN:29,loadFromStorage
FN:32,(anonymous_1)
FN:52,useDesignSystem
FN:56,(anonymous_3)
FN:59,(anonymous_4)
FNF:5
FNH:4
FNDA:14,loadFromStorage
FNDA:0,(anonymous_1)
FNDA:40,useDesignSystem
FNDA:14,(anonymous_3)
FNDA:39,(anonymous_4)
DA:17,1
DA:18,1
DA:19,1
DA:22,1
DA:23,1
DA:31,14
DA:32,14
DA:33,0
DA:34,0
DA:42,14
DA:55,40
DA:56,40
DA:59,40
DA:60,39
DA:61,14
DA:62,14
DA:64,25
DA:65,25
DA:67,0
DA:71,40
LF:20
LH:17
BRDA:33,0,0,0
BRDA:33,0,1,0
BRDA:60,1,0,14
BRDA:60,1,1,25
BRF:4
BRH:2
end_of_record
TN:
SF:src/hooks/useDropdowns.ts
FN:62,useDropdowns
FN:90,(anonymous_1)
FN:105,(anonymous_2)
FN:106,(anonymous_3)
FN:145,(anonymous_4)
FNF:5
FNH:4
FNDA:36,useDropdowns
FNDA:1,(anonymous_1)
FNDA:18,(anonymous_2)
FNDA:0,(anonymous_3)
FNDA:18,(anonymous_4)
DA:64,36
DA:65,36
DA:66,36
DA:67,36
DA:68,36
DA:69,36
DA:70,36
DA:71,36
DA:72,36
DA:73,36
DA:74,36
DA:77,36
DA:78,36
DA:79,36
DA:80,36
DA:81,36
DA:82,36
DA:83,36
DA:84,36
DA:85,36
DA:86,36
DA:87,36
DA:90,36
DA:91,1
DA:92,1
DA:93,1
DA:94,1
DA:95,1
DA:96,1
DA:97,1
DA:98,1
DA:99,1
DA:100,1
DA:101,1
DA:105,36
DA:106,18
DA:107,0
DA:109,0
DA:110,0
DA:112,0
DA:113,0
DA:115,0
DA:116,0
DA:118,0
DA:119,0
DA:121,0
DA:122,0
DA:124,0
DA:125,0
DA:127,0
DA:128,0
DA:130,0
DA:131,0
DA:133,0
DA:134,0
DA:136,0
DA:137,0
DA:139,0
DA:140,0
DA:144,18
DA:145,18
DA:148,36
LF:62
LH:39
BRDA:109,0,0,0
BRDA:109,0,1,0
BRDA:109,1,0,0
BRDA:109,1,1,0
BRDA:112,2,0,0
BRDA:112,2,1,0
BRDA:112,3,0,0
BRDA:112,3,1,0
BRDA:115,4,0,0
BRDA:115,4,1,0
BRDA:115,5,0,0
BRDA:115,5,1,0
BRDA:118,6,0,0
BRDA:118,6,1,0
BRDA:118,7,0,0
BRDA:118,7,1,0
BRDA:121,8,0,0
BRDA:121,8,1,0
BRDA:121,9,0,0
BRDA:121,9,1,0
BRDA:124,10,0,0
BRDA:124,10,1,0
BRDA:124,11,0,0
BRDA:124,11,1,0
BRDA:127,12,0,0
BRDA:127,12,1,0
BRDA:127,13,0,0
BRDA:127,13,1,0
BRDA:130,14,0,0
BRDA:130,14,1,0
BRDA:130,15,0,0
BRDA:130,15,1,0
BRDA:133,16,0,0
BRDA:133,16,1,0
BRDA:133,17,0,0
BRDA:133,17,1,0
BRDA:136,18,0,0
BRDA:136,18,1,0
BRDA:136,19,0,0
BRDA:136,19,1,0
BRDA:139,20,0,0
BRDA:139,20,1,0
BRDA:139,21,0,0
BRDA:139,21,1,0
BRF:44
BRH:0
end_of_record
TN:
SF:src/hooks/useKeyboardShortcuts.ts
FN:40,useKeyboardShortcuts
FN:60,(anonymous_1)
FN:170,(anonymous_2)
FN:174,(anonymous_3)
FNF:4
FNH:4
FNDA:21,useKeyboardShortcuts
FNDA:19,(anonymous_1)
FNDA:21,(anonymous_2)
FNDA:19,(anonymous_3)
DA:57,21
DA:59,21
DA:62,19
DA:64,19
DA:66,19
DA:67,19
DA:70,19
DA:71,5
DA:72,5
DA:73,5
DA:77,14
DA:78,2
DA:79,2
DA:80,2
DA:84,12
DA:87,12
DA:88,1
DA:89,1
DA:90,1
DA:94,11
DA:95,1
DA:96,1
DA:97,1
DA:101,10
DA:102,1
DA:103,1
DA:104,1
DA:108,9
DA:109,1
DA:110,1
DA:111,1
DA:115,8
DA:116,1
DA:117,1
DA:118,1
DA:122,7
DA:123,1
DA:124,1
DA:125,1
DA:129,6
DA:130,2
DA:131,2
DA:132,2
DA:136,4
DA:137,1
DA:138,1
DA:139,1
DA:142,3
DA:143,1
DA:144,1
DA:145,1
DA:148,2
DA:149,1
DA:150,1
DA:151,1
DA:170,21
DA:171,21
DA:173,19
DA:174,19
LF:59
LH:59
BRDA:41,0,0,21
BRDA:42,1,0,21
BRDA:64,2,0,19
BRDA:64,2,1,19
BRDA:67,3,0,0
BRDA:67,3,1,19
BRDA:70,4,0,5
BRDA:70,4,1,14
BRDA:70,5,0,19
BRDA:70,5,1,5
BRDA:70,5,2,5
BRDA:77,6,0,2
BRDA:77,6,1,12
BRDA:84,7,0,0
BRDA:84,7,1,12
BRDA:84,8,0,12
BRDA:84,8,1,0
BRDA:87,9,0,1
BRDA:87,9,1,11
BRDA:87,10,0,12
BRDA:87,10,1,9
BRDA:87,10,2,2
BRDA:94,11,0,1
BRDA:94,11,1,10
BRDA:94,12,0,11
BRDA:94,12,1,8
BRDA:94,12,2,1
BRDA:101,13,0,1
BRDA:101,13,1,9
BRDA:101,14,0,10
BRDA:101,14,1,7
BRDA:108,15,0,1
BRDA:108,15,1,8
BRDA:108,16,0,9
BRDA:108,16,1,6
BRDA:108,16,2,5
BRDA:115,17,0,1
BRDA:115,17,1,7
BRDA:115,18,0,8
BRDA:115,18,1,5
BRDA:122,19,0,1
BRDA:122,19,1,6
BRDA:122,20,0,7
BRDA:122,20,1,4
BRDA:129,21,0,2
BRDA:129,21,1,4
BRDA:129,22,0,6
BRDA:129,22,1,5
BRDA:129,22,2,2
BRDA:136,23,0,1
BRDA:136,23,1,3
BRDA:136,24,0,4
BRDA:136,24,1,3
BRDA:142,25,0,1
BRDA:142,25,1,2
BRDA:142,26,0,3
BRDA:142,26,1,2
BRDA:148,27,0,1
BRDA:148,27,1,1
BRDA:148,28,0,2
BRDA:148,28,1,1
BRDA:171,29,0,2
BRDA:171,29,1,19
BRF:63
BRH:60
end_of_record
TN:
SF:src/hooks/useSingleImages.js
FN:30,createInitialState
FN:39,singleImageReducer
FN:61,(anonymous_2)
FN:65,(anonymous_3)
FN:77,(anonymous_4)
FN:82,(anonymous_5)
FN:98,(anonymous_6)
FN:102,(anonymous_7)
FN:111,(anonymous_8)
FN:119,(anonymous_9)
FN:128,(anonymous_10)
FN:138,(anonymous_11)
FN:180,(anonymous_12)
FN:190,(anonymous_13)
FN:205,(anonymous_14)
FN:217,(anonymous_15)
FN:232,(anonymous_16)
FN:246,createNewLayer
FN:297,loadFromStorage
FN:312,useSingleImages
FN:317,(anonymous_20)
FN:318,(anonymous_21)
FN:321,(anonymous_22)
FN:335,(anonymous_23)
FN:337,(anonymous_24)
FN:342,(anonymous_25)
FN:345,(anonymous_26)
FN:350,(anonymous_27)
FN:356,(anonymous_28)
FN:361,(anonymous_29)
FN:367,(anonymous_30)
FN:372,(anonymous_31)
FN:377,(anonymous_32)
FN:379,(anonymous_33)
FN:383,(anonymous_34)
FN:388,(anonymous_35)
FN:393,(anonymous_36)
FN:397,(anonymous_37)
FNF:38
FNH:37
FNDA:23,createInitialState
FNDA:27,singleImageReducer
FNDA:1,(anonymous_2)
FNDA:1,(anonymous_3)
FNDA:2,(anonymous_4)
FNDA:2,(anonymous_5)
FNDA:2,(anonymous_6)
FNDA:2,(anonymous_7)
FNDA:1,(anonymous_8)
FNDA:2,(anonymous_9)
FNDA:1,(anonymous_10)
FNDA:1,(anonymous_11)
FNDA:4,(anonymous_12)
FNDA:1,(anonymous_13)
FNDA:0,(anonymous_14)
FNDA:1,(anonymous_15)
FNDA:1,(anonymous_16)
FNDA:2,createNewLayer
FNDA:71,loadFromStorage
FNDA:71,useSingleImages
FNDA:77,(anonymous_20)
FNDA:6,(anonymous_21)
FNDA:60,(anonymous_22)
FNDA:1,(anonymous_23)
FNDA:7,(anonymous_24)
FNDA:3,(anonymous_25)
FNDA:1,(anonymous_26)
FNDA:2,(anonymous_27)
FNDA:2,(anonymous_28)
FNDA:1,(anonymous_29)
FNDA:1,(anonymous_30)
FNDA:1,(anonymous_31)
FNDA:1,(anonymous_32)
FNDA:3,(anonymous_33)
FNDA:1,(anonymous_34)
FNDA:1,(anonymous_35)
FNDA:1,(anonymous_36)
FNDA:1,(anonymous_37)
DA:6,1
DA:9,1
DA:31,23
DA:40,27
DA:42,0
DA:45,7
DA:46,7
DA:47,1
DA:49,6
DA:53,3
DA:56,1
DA:59,1
DA:62,1
DA:63,1
DA:65,1
DA:72,2
DA:73,2
DA:77,2
DA:80,2
DA:83,2
DA:84,2
DA:95,2
DA:99,2
DA:100,2
DA:102,2
DA:109,1
DA:112,1
DA:113,1
DA:114,1
DA:115,1
DA:117,1
DA:119,2
DA:126,1
DA:129,1
DA:136,1
DA:139,1
DA:152,1
DA:167,1
DA:175,3
DA:176,2
DA:180,4
DA:187,1
DA:188,1
DA:191,1
DA:199,1
DA:200,1
DA:201,1
DA:203,0
DA:206,0
DA:214,1
DA:215,1
DA:218,1
DA:219,1
DA:229,1
DA:230,1
DA:233,1
DA:234,1
DA:235,1
DA:241,0
DA:247,2
DA:265,2
DA:266,1
DA:275,1
DA:276,1
DA:293,0
DA:298,71
DA:299,71
DA:300,71
DA:301,25
DA:302,25
DA:303,25
DA:307,0
DA:309,46
DA:313,71
DA:314,71
DA:317,77
DA:318,71
DA:321,71
DA:322,60
DA:323,23
DA:324,23
DA:326,37
DA:327,37
DA:329,0
DA:334,71
DA:335,1
DA:338,7
DA:339,7
DA:342,3
DA:345,1
DA:351,2
DA:356,2
DA:362,1
DA:367,1
DA:373,1
DA:377,1
DA:379,3
DA:383,1
DA:388,1
DA:393,1
DA:397,1
DA:400,71
LF:102
LH:95
BRDA:40,0,0,0
BRDA:40,0,1,7
BRDA:40,0,2,3
BRDA:40,0,3,1
BRDA:40,0,4,1
BRDA:40,0,5,2
BRDA:40,0,6,2
BRDA:40,0,7,1
BRDA:40,0,8,1
BRDA:40,0,9,1
BRDA:40,0,10,1
BRDA:40,0,11,3
BRDA:40,0,12,1
BRDA:40,0,13,1
BRDA:40,0,14,1
BRDA:40,0,15,1
BRDA:40,0,16,0
BRDA:46,1,0,1
BRDA:46,1,1,6
BRDA:62,2,0,0
BRDA:62,2,1,1
BRDA:65,3,0,1
BRDA:65,3,1,0
BRDA:77,4,0,2
BRDA:77,4,1,0
BRDA:83,5,0,0
BRDA:83,5,1,2
BRDA:97,6,0,1
BRDA:97,6,1,1
BRDA:99,7,0,0
BRDA:99,7,1,2
BRDA:112,8,0,0
BRDA:112,8,1,1
BRDA:129,9,0,1
BRDA:129,9,1,0
BRDA:139,10,0,1
BRDA:139,10,1,0
BRDA:154,11,0,1
BRDA:154,11,1,0
BRDA:175,12,0,1
BRDA:175,12,1,2
BRDA:178,13,0,1
BRDA:178,13,1,1
BRDA:191,14,0,1
BRDA:191,14,1,0
BRDA:201,15,0,1
BRDA:201,15,1,0
BRDA:206,16,0,0
BRDA:206,16,1,0
BRDA:218,17,0,0
BRDA:218,17,1,1
BRDA:218,18,0,1
BRDA:218,18,1,1
BRDA:233,19,0,0
BRDA:233,19,1,1
BRDA:249,20,0,1
BRDA:249,20,1,1
BRDA:249,21,0,1
BRDA:249,21,1,0
BRDA:257,22,0,1
BRDA:257,22,1,1
BRDA:258,23,0,1
BRDA:258,23,1,1
BRDA:265,24,0,1
BRDA:265,24,1,1
BRDA:269,25,0,1
BRDA:269,25,1,0
BRDA:275,26,0,1
BRDA:275,26,1,0
BRDA:279,27,0,1
BRDA:279,27,1,0
BRDA:300,28,0,25
BRDA:300,28,1,46
BRDA:302,29,0,25
BRDA:302,29,1,0
BRDA:302,30,0,25
BRDA:302,30,1,25
BRDA:322,31,0,23
BRDA:322,31,1,37
BRDA:338,32,0,0
BRDA:338,32,1,7
BRF:81
BRH:58
end_of_record
TN:
SF:src/hooks/useTabs.ts
FN:81,loadFromStorage
FN:108,useTabs
FN:116,(anonymous_2)
FN:126,(anonymous_3)
FN:129,(anonymous_4)
FN:141,(anonymous_5)
FN:143,(anonymous_6)
FN:147,(anonymous_7)
FN:154,(anonymous_8)
FN:161,(anonymous_9)
FN:162,(anonymous_10)
FN:177,(anonymous_11)
FN:182,(anonymous_12)
FN:185,(anonymous_13)
FN:192,(anonymous_14)
FN:193,(anonymous_15)
FN:205,(anonymous_16)
FN:206,(anonymous_17)
FN:217,(anonymous_18)
FN:218,(anonymous_19)
FN:224,(anonymous_20)
FN:228,(anonymous_21)
FN:232,(anonymous_22)
FN:237,(anonymous_23)
FN:237,(anonymous_24)
FN:253,(anonymous_25)
FN:255,(anonymous_26)
FN:265,(anonymous_27)
FN:266,(anonymous_28)
FN:272,(anonymous_29)
FN:273,(anonymous_30)
FN:274,(anonymous_31)
FN:289,(anonymous_32)
FN:291,(anonymous_33)
FN:291,(anonymous_34)
FN:293,(anonymous_35)
FN:293,(anonymous_36)
FN:296,(anonymous_37)
FN:306,(anonymous_38)
FN:307,(anonymous_39)
FN:310,(anonymous_40)
FN:319,(anonymous_41)
FN:322,(anonymous_42)
FN:329,(anonymous_43)
FN:336,(anonymous_44)
FN:337,(anonymous_45)
FNF:46
FNH:36
FNDA:69,loadFromStorage
FNDA:69,useTabs
FNDA:19,(anonymous_2)
FNDA:86,(anonymous_3)
FNDA:67,(anonymous_4)
FNDA:83,(anonymous_5)
FNDA:1,(anonymous_6)
FNDA:0,(anonymous_7)
FNDA:0,(anonymous_8)
FNDA:0,(anonymous_9)
FNDA:0,(anonymous_10)
FNDA:2,(anonymous_11)
FNDA:11,(anonymous_12)
FNDA:10,(anonymous_13)
FNDA:11,(anonymous_14)
FNDA:15,(anonymous_15)
FNDA:5,(anonymous_16)
FNDA:5,(anonymous_17)
FNDA:5,(anonymous_18)
FNDA:5,(anonymous_19)
FNDA:3,(anonymous_20)
FNDA:5,(anonymous_21)
FNDA:4,(anonymous_22)
FNDA:1,(anonymous_23)
FNDA:2,(anonymous_24)
FNDA:0,(anonymous_25)
FNDA:0,(anonymous_26)
FNDA:0,(anonymous_27)
FNDA:0,(anonymous_28)
FNDA:1,(anonymous_29)
FNDA:1,(anonymous_30)
FNDA:2,(anonymous_31)
FNDA:1,(anonymous_32)
FNDA:1,(anonymous_33)
FNDA:1,(anonymous_34)
FNDA:1,(anonymous_35)
FNDA:0,(anonymous_36)
FNDA:0,(anonymous_37)
FNDA:1,(anonymous_38)
FNDA:1,(anonymous_39)
FNDA:1,(anonymous_40)
FNDA:1,(anonymous_41)
FNDA:3,(anonymous_42)
FNDA:3,(anonymous_43)
FNDA:1,(anonymous_44)
FNDA:1,(anonymous_45)
DA:4,1
DA:5,1
DA:82,69
DA:83,69
DA:84,69
DA:85,25
DA:86,25
DA:92,0
DA:94,44
DA:112,69
DA:113,69
DA:116,69
DA:119,69
DA:121,69
DA:122,69
DA:123,69
DA:126,86
DA:129,69
DA:130,67
DA:131,22
DA:132,22
DA:134,45
DA:135,45
DA:137,0
DA:141,83
DA:143,69
DA:144,1
DA:147,69
DA:148,0
DA:150,0
DA:153,0
DA:154,0
DA:157,0
DA:158,0
DA:161,0
DA:162,0
DA:163,0
DA:174,0
DA:177,69
DA:178,2
DA:179,2
DA:182,69
DA:184,11
DA:185,10
DA:187,11
DA:188,11
DA:189,11
DA:192,11
DA:193,11
DA:194,15
DA:205,69
DA:206,5
DA:207,5
DA:217,5
DA:218,5
DA:219,5
DA:220,5
DA:221,5
DA:224,69
DA:225,3
DA:228,5
DA:229,3
DA:232,4
DA:233,3
DA:236,3
DA:237,2
DA:241,3
DA:242,2
DA:243,2
DA:244,2
DA:248,1
DA:249,1
DA:253,69
DA:254,0
DA:255,0
DA:256,0
DA:265,0
DA:266,0
DA:267,0
DA:268,0
DA:269,0
DA:272,69
DA:273,1
DA:274,1
DA:275,2
DA:289,69
DA:291,1
DA:293,1
DA:295,1
DA:296,0
DA:297,0
DA:298,0
DA:300,0
DA:301,0
DA:306,69
DA:307,1
DA:308,1
DA:310,1
DA:311,1
DA:319,1
DA:322,69
DA:323,3
DA:325,2
DA:328,2
DA:329,3
DA:332,2
DA:333,1
DA:336,1
DA:337,1
DA:338,1
DA:349,1
DA:352,69
LF:112
LH:87
BRDA:84,0,0,25
BRDA:84,0,1,44
BRDA:87,1,0,25
BRDA:87,1,1,0
BRDA:88,2,0,25
BRDA:88,2,1,16
BRDA:109,3,0,69
BRDA:110,4,0,69
BRDA:116,5,0,19
BRDA:116,5,1,18
BRDA:130,6,0,22
BRDA:130,6,1,45
BRDA:148,7,0,0
BRDA:148,7,1,0
BRDA:154,8,0,0
BRDA:154,8,1,0
BRDA:157,9,0,0
BRDA:157,9,1,0
BRDA:163,10,0,0
BRDA:163,10,1,0
BRDA:179,11,0,1
BRDA:179,11,1,1
BRDA:184,12,0,10
BRDA:184,12,1,1
BRDA:188,13,0,0
BRDA:188,13,1,11
BRDA:194,14,0,11
BRDA:194,14,1,4
BRDA:220,15,0,0
BRDA:220,15,1,5
BRDA:229,16,0,3
BRDA:229,16,1,3
BRDA:236,17,0,1
BRDA:236,17,1,2
BRDA:241,18,0,2
BRDA:241,18,1,1
BRDA:248,19,0,1
BRDA:248,19,1,0
BRDA:254,20,0,0
BRDA:254,20,1,0
BRDA:268,21,0,0
BRDA:268,21,1,0
BRDA:275,22,0,1
BRDA:275,22,1,1
BRDA:278,23,0,1
BRDA:278,23,1,0
BRDA:280,24,0,1
BRDA:280,24,1,0
BRDA:295,25,0,0
BRDA:295,25,1,1
BRDA:297,26,0,0
BRDA:297,26,1,0
BRDA:308,27,0,0
BRDA:308,27,1,1
BRDA:323,28,0,1
BRDA:323,28,1,2
BRDA:329,29,0,3
BRDA:329,29,1,1
BRDA:332,30,0,1
BRDA:332,30,1,1
BRDA:338,31,0,1
BRDA:338,31,1,0
BRF:62
BRH:39
end_of_record
TN:
SF:src/types/singleImage.ts
FNF:0
FNH:0
DA:189,1
DA:199,1
LF:2
LH:2
BRF:0
BRH:0
end_of_record
TN:
SF:src/utils/browserExport.js
FN:56,(anonymous_0)
FN:71,(anonymous_1)
FN:75,(anonymous_2)
FN:89,(anonymous_3)
FN:115,(anonymous_4)
FN:145,(anonymous_5)
FN:165,(anonymous_6)
FN:186,(anonymous_7)
FN:209,(anonymous_8)
FN:225,(anonymous_9)
FNF:10
FNH:8
FNDA:0,(anonymous_0)
FNDA:10,(anonymous_1)
FNDA:0,(anonymous_2)
FNDA:4,(anonymous_3)
FNDA:4,(anonymous_4)
FNDA:1,(anonymous_5)
FNDA:1,(anonymous_6)
FNDA:4,(anonymous_7)
FNDA:15,(anonymous_8)
FNDA:13,(anonymous_9)
DA:32,6
DA:46,6
DA:56,6
DA:58,0
DA:61,0
DA:62,0
DA:64,0
DA:71,6
DA:72,10
DA:73,10
DA:75,0
DA:77,10
DA:89,6
DA:90,4
DA:92,4
DA:98,4
DA:99,4
DA:101,0
DA:103,0
DA:115,6
DA:116,4
DA:118,4
DA:126,4
DA:127,4
DA:129,0
DA:130,0
DA:145,6
DA:146,1
DA:148,1
DA:154,1
DA:165,6
DA:166,1
DA:168,1
DA:174,1
DA:186,6
DA:187,4
DA:189,4
DA:192,2
DA:198,0
DA:202,2
DA:209,6
DA:210,15
DA:213,6
DA:215,3
DA:218,6
DA:225,6
DA:226,13
DA:229,5
DA:231,3
DA:234,5
LF:50
LH:40
BRDA:58,0,0,0
BRDA:58,0,1,0
BRDA:61,1,0,0
BRDA:61,1,1,0
BRDA:62,2,0,0
BRDA:62,2,1,0
BRDA:89,3,0,4
BRDA:95,4,0,4
BRDA:95,4,1,4
BRDA:115,5,0,4
BRDA:121,6,0,4
BRDA:121,6,1,4
BRDA:123,7,0,4
BRDA:123,7,1,3
BRDA:145,8,0,1
BRDA:151,9,0,1
BRDA:151,9,1,1
BRDA:165,10,0,1
BRDA:171,11,0,1
BRDA:171,11,1,1
BRDA:186,12,0,4
BRDA:186,13,0,4
BRDA:189,14,0,1
BRDA:189,14,1,2
BRDA:189,14,2,0
BRDA:189,14,3,1
BRDA:189,14,4,2
BRDA:210,15,0,3
BRDA:210,15,1,6
BRDA:210,15,2,3
BRDA:210,15,3,3
BRDA:210,15,4,6
BRDA:226,16,0,2
BRDA:226,16,1,5
BRDA:226,16,2,3
BRDA:226,16,3,3
BRDA:226,16,4,5
BRF:37
BRH:30
end_of_record
TN:
SF:src/utils/colorUtils.ts
FN:34,hexToRgb
FN:45,(anonymous_1)
FN:68,rgbToHex
FN:69,(anonymous_3)
FN:83,rgbToHsl
FN:126,hslToRgb
FN:136,(anonymous_6)
FN:168,interpolateColor
FN:206,parseRgba
FN:227,getColorBrightness
FN:240,isLightColor
FN:250,darkenColor
FN:266,lightenColor
FNF:13
FNH:13
FNDA:106,hexToRgb
FNDA:12,(anonymous_1)
FNDA:71,rgbToHex
FNDA:213,(anonymous_3)
FNDA:20,rgbToHsl
FNDA:15,hslToRgb
FNDA:24,(anonymous_6)
FNDA:6,interpolateColor
FNDA:14,parseRgba
FNDA:13,getColorBrightness
FNDA:5,isLightColor
FNDA:3,darkenColor
FNDA:3,lightenColor
DA:35,106
DA:38,101
DA:42,101
DA:45,12
DA:49,106
DA:51,96
DA:52,96
DA:69,71
DA:70,213
DA:71,213
DA:73,71
DA:84,20
DA:85,20
DA:86,20
DA:88,20
DA:89,20
DA:90,20
DA:92,20
DA:93,20
DA:95,20
DA:96,13
DA:97,13
DA:99,13
DA:101,4
DA:102,4
DA:104,2
DA:105,2
DA:107,7
DA:108,7
DA:112,20
DA:127,15
DA:128,15
DA:129,15
DA:133,15
DA:134,7
DA:136,8
DA:137,24
DA:138,24
DA:139,24
DA:140,24
DA:141,21
DA:142,13
DA:143,10
DA:146,8
DA:147,8
DA:148,8
DA:149,8
DA:150,8
DA:153,15
DA:173,6
DA:174,6
DA:176,6
DA:178,4
DA:179,4
DA:182,4
DA:183,4
DA:185,4
DA:186,2
DA:187,2
DA:189,0
DA:193,4
DA:194,4
DA:195,4
DA:197,4
DA:198,4
DA:207,14
DA:210,14
DA:212,11
DA:228,13
DA:229,13
DA:232,11
DA:241,5
DA:251,3
DA:252,3
DA:254,2
DA:255,2
DA:256,2
DA:257,2
DA:267,3
DA:268,3
DA:270,2
DA:271,2
DA:272,2
DA:273,2
LF:84
LH:83
BRDA:35,0,0,5
BRDA:35,0,1,101
BRDA:42,1,0,4
BRDA:42,1,1,97
BRDA:49,2,0,5
BRDA:49,2,1,101
BRDA:52,3,0,95
BRDA:52,3,1,1
BRDA:95,4,0,13
BRDA:95,4,1,7
BRDA:97,5,0,4
BRDA:97,5,1,9
BRDA:99,6,0,4
BRDA:99,6,1,2
BRDA:99,6,2,7
BRDA:101,7,0,0
BRDA:101,7,1,4
BRDA:133,8,0,7
BRDA:133,8,1,8
BRDA:138,9,0,3
BRDA:138,9,1,21
BRDA:139,10,0,0
BRDA:139,10,1,24
BRDA:140,11,0,3
BRDA:140,11,1,21
BRDA:141,12,0,8
BRDA:141,12,1,13
BRDA:142,13,0,3
BRDA:142,13,1,10
BRDA:146,14,0,0
BRDA:146,14,1,8
BRDA:176,15,0,2
BRDA:176,15,1,4
BRDA:176,16,0,6
BRDA:176,16,1,5
BRDA:176,17,0,2
BRDA:176,17,1,1
BRDA:176,17,2,0
BRDA:185,18,0,2
BRDA:185,18,1,2
BRDA:186,19,0,2
BRDA:186,19,1,0
BRDA:210,20,0,3
BRDA:210,20,1,11
BRDA:216,21,0,8
BRDA:216,21,1,3
BRDA:229,22,0,2
BRDA:229,22,1,11
BRDA:252,23,0,1
BRDA:252,23,1,2
BRDA:252,24,0,1
BRDA:252,24,1,0
BRDA:268,25,0,1
BRDA:268,25,1,2
BRDA:268,26,0,1
BRDA:268,26,1,0
BRF:56
BRH:49
end_of_record
TN:
SF:src/utils/gradientParser.ts
FN:30,isSolidColor
FN:51,isGradient
FN:63,normalizeHexColor
FN:75,extractColors
FN:82,(anonymous_4)
FN:92,(anonymous_5)
FN:113,parseLinearGradient
FN:187,(anonymous_7)
FN:202,getStartColor
FN:218,getEndColor
FN:236,getDominantColor
FN:258,splitGradientLayers
FN:296,generateLinearGradient
FN:303,(anonymous_13)
FN:316,modifyStartColor
FN:340,modifyEndColor
FNF:16
FNH:16
FNDA:30,isSolidColor
FNDA:10,isGradient
FNDA:52,normalizeHexColor
FNDA:18,extractColors
FNDA:32,(anonymous_4)
FNDA:3,(anonymous_5)
FNDA:11,parseLinearGradient
FNDA:17,(anonymous_7)
FNDA:4,getStartColor
FNDA:3,getEndColor
FNDA:3,getDominantColor
FNDA:7,splitGradientLayers
FNDA:5,generateLinearGradient
FNDA:5,(anonymous_13)
FNDA:4,modifyStartColor
FNDA:3,modifyEndColor
DA:31,30
DA:32,28
DA:35,28
DA:38,19
DA:41,16
DA:43,13
DA:52,10
DA:53,8
DA:64,52
DA:65,52
DA:66,52
DA:67,52
DA:76,18
DA:78,16
DA:81,16
DA:82,18
DA:83,32
DA:84,32
DA:85,31
DA:91,18
DA:92,18
DA:93,3
DA:94,3
DA:96,2
DA:97,2
DA:98,2
DA:103,18
DA:114,11
DA:117,8
DA:118,8
DA:120,8
DA:123,8
DA:124,8
DA:125,8
DA:126,4
DA:127,4
DA:129,3
DA:130,3
DA:131,3
DA:137,3
DA:142,8
DA:143,8
DA:146,8
DA:147,17
DA:148,17
DA:150,17
DA:151,17
DA:152,17
DA:154,0
DA:155,0
DA:156,0
DA:160,17
DA:161,17
DA:162,17
DA:167,8
DA:168,8
DA:169,8
DA:172,8
DA:173,1
DA:175,0
DA:176,0
DA:178,0
DA:179,0
DA:180,0
DA:181,0
DA:187,17
DA:192,8
DA:203,4
DA:205,3
DA:206,1
DA:209,2
DA:210,2
DA:219,3
DA:221,3
DA:222,1
DA:225,2
DA:226,2
DA:237,3
DA:239,3
DA:240,1
DA:244,2
DA:245,2
DA:247,2
DA:248,2
DA:259,7
DA:261,5
DA:262,5
DA:263,5
DA:265,5
DA:266,329
DA:268,329
DA:269,329
DA:271,329
DA:272,3
DA:273,3
DA:275,3
DA:277,326
DA:281,5
DA:282,5
DA:285,5
DA:300,5
DA:301,3
DA:303,5
DA:305,2
DA:320,4
DA:322,3
DA:323,1
DA:326,2
DA:327,2
DA:330,2
DA:331,2
DA:344,3
DA:346,3
DA:347,1
DA:350,2
DA:351,2
DA:354,2
DA:355,2
DA:357,2
DA:358,2
DA:365,0
LF:121
LH:111
BRDA:31,0,0,2
BRDA:31,0,1,28
BRDA:35,1,0,9
BRDA:35,1,1,19
BRDA:38,2,0,3
BRDA:38,2,1,16
BRDA:38,3,0,19
BRDA:38,3,1,3
BRDA:41,4,0,3
BRDA:41,4,1,13
BRDA:41,5,0,16
BRDA:41,5,1,3
BRDA:52,6,0,2
BRDA:52,6,1,8
BRDA:64,7,0,0
BRDA:64,7,1,52
BRDA:66,8,0,0
BRDA:66,8,1,52
BRDA:76,9,0,2
BRDA:76,9,1,16
BRDA:81,10,0,16
BRDA:81,10,1,1
BRDA:84,11,0,31
BRDA:84,11,1,1
BRDA:84,12,0,32
BRDA:84,12,1,32
BRDA:91,13,0,18
BRDA:91,13,1,14
BRDA:94,14,0,2
BRDA:94,14,1,1
BRDA:94,15,0,3
BRDA:94,15,1,3
BRDA:97,16,0,2
BRDA:97,16,1,0
BRDA:114,17,0,3
BRDA:114,17,1,8
BRDA:114,18,0,11
BRDA:114,18,1,10
BRDA:118,19,0,0
BRDA:118,19,1,8
BRDA:125,20,0,4
BRDA:125,20,1,4
BRDA:127,21,0,3
BRDA:127,21,1,1
BRDA:130,22,0,3
BRDA:130,22,1,0
BRDA:137,23,0,3
BRDA:137,23,1,1
BRDA:151,24,0,17
BRDA:151,24,1,0
BRDA:155,25,0,0
BRDA:155,25,1,0
BRDA:160,26,0,17
BRDA:160,26,1,0
BRDA:161,27,0,5
BRDA:161,27,1,12
BRDA:167,28,0,8
BRDA:167,28,1,0
BRDA:168,29,0,6
BRDA:168,29,1,2
BRDA:169,30,0,6
BRDA:169,30,1,2
BRDA:173,31,0,0
BRDA:173,31,1,1
BRDA:176,32,0,0
BRDA:176,32,1,0
BRDA:203,33,0,1
BRDA:203,33,1,3
BRDA:205,34,0,1
BRDA:205,34,1,2
BRDA:210,35,0,2
BRDA:210,35,1,0
BRDA:219,36,0,0
BRDA:219,36,1,3
BRDA:221,37,0,1
BRDA:221,37,1,2
BRDA:226,38,0,2
BRDA:226,38,1,0
BRDA:237,39,0,0
BRDA:237,39,1,3
BRDA:239,40,0,1
BRDA:239,40,1,2
BRDA:248,41,0,2
BRDA:248,41,1,0
BRDA:259,42,0,2
BRDA:259,42,1,5
BRDA:268,43,0,10
BRDA:268,43,1,319
BRDA:269,44,0,10
BRDA:269,44,1,319
BRDA:271,45,0,3
BRDA:271,45,1,326
BRDA:271,46,0,329
BRDA:271,46,1,26
BRDA:272,47,0,3
BRDA:272,47,1,0
BRDA:281,48,0,5
BRDA:281,48,1,0
BRDA:300,49,0,2
BRDA:300,49,1,3
BRDA:300,50,0,5
BRDA:300,50,1,4
BRDA:301,51,0,1
BRDA:301,51,1,2
BRDA:320,52,0,1
BRDA:320,52,1,3
BRDA:320,53,0,1
BRDA:320,53,1,1
BRDA:322,54,0,1
BRDA:322,54,1,2
BRDA:327,55,0,0
BRDA:327,55,1,2
BRDA:344,56,0,0
BRDA:344,56,1,3
BRDA:344,57,0,0
BRDA:344,57,1,0
BRDA:346,58,0,1
BRDA:346,58,1,2
BRDA:351,59,0,0
BRDA:351,59,1,2
BRDA:357,60,0,2
BRDA:357,60,1,0
BRF:122
BRH:96
end_of_record
TN:
SF:src/utils/imageCompression.ts
FN:108,(anonymous_0)
FN:118,(anonymous_1)
FN:119,(anonymous_2)
FN:121,(anonymous_3)
FN:130,(anonymous_4)
FN:174,(anonymous_5)
FN:232,(anonymous_6)
FN:234,(anonymous_7)
FN:280,(anonymous_8)
FN:332,(anonymous_9)
FN:349,(anonymous_10)
FN:351,(anonymous_11)
FNF:12
FNH:0
FNDA:0,(anonymous_0)
FNDA:0,(anonymous_1)
FNDA:0,(anonymous_2)
FNDA:0,(anonymous_3)
FNDA:0,(anonymous_4)
FNDA:0,(anonymous_5)
FNDA:0,(anonymous_6)
FNDA:0,(anonymous_7)
FNDA:0,(anonymous_8)
FNDA:0,(anonymous_9)
FNDA:0,(anonymous_10)
FNDA:0,(anonymous_11)
DA:68,6
DA:108,6
DA:109,0
DA:110,0
DA:111,0
DA:112,0
DA:118,6
DA:119,0
DA:120,0
DA:121,0
DA:122,0
DA:123,0
DA:130,6
DA:136,0
DA:137,0
DA:140,0
DA:141,0
DA:143,0
DA:144,0
DA:145,0
DA:147,0
DA:148,0
DA:152,0
DA:153,0
DA:154,0
DA:156,0
DA:157,0
DA:158,0
DA:162,0
DA:174,6
DA:178,0
DA:184,0
DA:187,0
DA:188,0
DA:189,0
DA:192,0
DA:200,0
DA:201,0
DA:202,0
DA:204,0
DA:205,0
DA:206,0
DA:210,0
DA:211,0
DA:214,0
DA:217,0
DA:218,0
DA:220,0
DA:221,0
DA:222,0
DA:223,0
DA:224,0
DA:225,0
DA:226,0
DA:227,0
DA:228,0
DA:232,0
DA:233,0
DA:235,0
DA:236,0
DA:244,0
DA:247,0
DA:248,0
DA:251,0
DA:252,0
DA:253,0
DA:255,0
DA:280,6
DA:285,0
DA:286,0
DA:288,0
DA:289,0
DA:292,0
DA:293,0
DA:296,0
DA:297,0
DA:298,0
DA:301,0
DA:302,0
DA:305,0
DA:307,0
DA:322,0
DA:323,0
DA:326,0
DA:332,6
DA:333,0
DA:334,0
DA:335,0
DA:336,0
DA:337,0
DA:349,6
DA:350,0
DA:351,0
LF:93
LH:8
BRDA:140,0,0,0
BRDA:140,0,1,0
BRDA:140,1,0,0
BRDA:140,1,1,0
BRDA:143,2,0,0
BRDA:143,2,1,0
BRDA:152,3,0,0
BRDA:152,3,1,0
BRDA:156,4,0,0
BRDA:156,4,1,0
BRDA:176,5,0,0
BRDA:178,6,0,0
BRDA:178,6,1,0
BRDA:180,7,0,0
BRDA:181,8,0,0
BRDA:182,9,0,0
BRDA:183,10,0,0
BRDA:205,11,0,0
BRDA:205,11,1,0
BRDA:220,12,0,0
BRDA:220,12,1,0
BRDA:220,13,0,0
BRDA:220,13,1,0
BRDA:223,14,0,0
BRDA:223,14,1,0
BRDA:223,15,0,0
BRDA:223,15,1,0
BRDA:226,16,0,0
BRDA:226,16,1,0
BRDA:235,17,0,0
BRDA:235,17,1,0
BRDA:282,18,0,0
BRDA:283,19,0,0
BRDA:292,20,0,0
BRDA:292,20,1,0
BRDA:297,21,0,0
BRDA:297,21,1,0
BRDA:316,22,0,0
BRDA:316,22,1,0
BRDA:322,23,0,0
BRDA:322,23,1,0
BRDA:333,24,0,0
BRDA:333,24,1,0
BRDA:351,25,0,0
BRDA:351,25,1,0
BRDA:351,25,2,0
BRF:46
BRH:0
end_of_record
TN:
SF:src/utils/logger.ts
FN:46,(anonymous_0)
FN:55,(anonymous_1)
FN:64,(anonymous_2)
FN:73,(anonymous_3)
FN:80,(anonymous_4)
FN:89,(anonymous_5)
FNF:6
FNH:3
FNDA:45,(anonymous_0)
FNDA:0,(anonymous_1)
FNDA:11,(anonymous_2)
FNDA:2,(anonymous_3)
FNDA:0,(anonymous_4)
FNDA:0,(anonymous_5)
DA:32,6
DA:33,6
DA:42,6
DA:47,45
DA:48,45
DA:56,0
DA:57,0
DA:65,11
DA:66,11
DA:74,2
DA:81,0
DA:82,0
DA:90,0
DA:91,0
LF:14
LH:8
BRDA:47,0,0,45
BRDA:47,0,1,0
BRDA:47,1,0,45
BRDA:47,1,1,0
BRDA:56,2,0,0
BRDA:56,2,1,0
BRDA:56,3,0,0
BRDA:56,3,1,0
BRDA:65,4,0,11
BRDA:65,4,1,0
BRDA:65,5,0,11
BRDA:65,5,1,0
BRDA:81,6,0,0
BRDA:81,6,1,0
BRDA:81,7,0,0
BRDA:81,7,1,0
BRDA:90,8,0,0
BRDA:90,8,1,0
BRDA:90,9,0,0
BRDA:90,9,1,0
BRF:20
BRH:4
end_of_record
TN:
SF:src/utils/undoable.ts
FN:52,(anonymous_0)
FN:67,undoable
FN:81,undoableReducer
FN:166,canUndo
FN:175,canRedo
FN:184,getHistoryCounts
FNF:6
FNH:6
FNDA:12,(anonymous_0)
FNDA:17,undoable
FNDA:75,undoableReducer
FNDA:121,canUndo
FNDA:121,canRedo
FNDA:2,getHistoryCounts
DA:44,7
DA:45,7
DA:46,7
DA:50,7
DA:52,12
DA:71,17
DA:72,17
DA:75,17
DA:81,17
DA:85,75
DA:87,75
DA:90,11
DA:91,1
DA:94,10
DA:95,10
DA:97,10
DA:106,5
DA:107,1
DA:110,4
DA:111,4
DA:113,4
DA:121,1
DA:130,58
DA:133,58
DA:134,4
DA:138,54
DA:140,54
DA:142,13
DA:149,41
DA:167,121
DA:176,121
DA:187,2
LF:32
LH:32
BRDA:69,0,0,17
BRDA:82,1,0,75
BRDA:85,2,0,75
BRDA:85,3,0,75
BRDA:87,4,0,11
BRDA:87,4,1,5
BRDA:87,4,2,1
BRDA:87,4,3,58
BRDA:90,5,0,1
BRDA:90,5,1,10
BRDA:106,6,0,1
BRDA:106,6,1,4
BRDA:133,7,0,4
BRDA:133,7,1,54
BRDA:140,8,0,13
BRDA:140,8,1,41
BRDA:167,9,0,121
BRDA:167,9,1,119
BRDA:176,10,0,121
BRDA:176,10,1,119
BRDA:188,11,0,2
BRDA:188,11,1,1
BRDA:189,12,0,2
BRDA:189,12,1,1
BRF:24
BRH:24
end_of_record
